#
# A fatal error has been detected by the Java Runtime Environment:
#
#  EXCEPTION_ACCESS_VIOLATION (0xc0000005) at pc=0x00000242aea9e6bd, pid=10988, tid=13572
#
# JRE version: OpenJDK Runtime Environment Microsoft-40648 (11.0.16.1+1) (build 11.0.16.1+1-LTS)
# Java VM: OpenJDK 64-Bit Server VM Microsoft-40648 (11.0.16.1+1-LTS, mixed mode, tiered, compressed oops, g1 gc, windows-amd64)
# Problematic frame:
# J 1705 c2 java.util.concurrent.ConcurrentHashMap.transfer([Ljava/util/concurrent/ConcurrentHashMap$Node;[Ljava/util/concurrent/ConcurrentHashMap$Node;)V java.base@11.0.16.1 (828 bytes) @ 0x00000242aea9e6bd [0x00000242aea9e180+0x000000000000053d]
#
# No core dump will be written. Minidumps are not enabled by default on client versions of Windows
#
# If you would like to submit a bug report, please visit:
#   https://github.com/microsoft/openjdk/issues
#

---------------  S U M M A R Y ------------

Command Line: --add-opens=java.base/java.util=ALL-UNNAMED --add-opens=java.base/java.lang=ALL-UNNAMED --add-opens=java.base/java.lang.invoke=ALL-UNNAMED --add-opens=java.base/java.util=ALL-UNNAMED --add-opens=java.prefs/java.util.prefs=ALL-UNNAMED --add-opens=java.prefs/java.util.prefs=ALL-UNNAMED --add-opens=java.base/java.nio.charset=ALL-UNNAMED --add-opens=java.base/java.net=ALL-UNNAMED --add-opens=java.base/java.util.concurrent.atomic=ALL-UNNAMED -Xmx1536M -Dfile.encoding=windows-1252 -Duser.country=IN -Duser.language=en -Duser.variant org.gradle.launcher.daemon.bootstrap.GradleDaemon 7.4

Host: Intel(R) Xeon(R) CPU           E5630  @ 2.53GHz, 4 cores, 15G,  Windows 10 , 64 bit Build 19041 (10.0.19041.3155)
Time: Thu Aug 17 15:29:55 2023 India Standard Time elapsed time: 10.512575 seconds (0d 0h 0m 10s)

---------------  T H R E A D  ---------------

Current thread (0x00000242be71d800):  JavaThread "Daemon worker" [_thread_in_Java, id=13572, stack(0x000000b654400000,0x000000b654500000)]

Stack: [0x000000b654400000,0x000000b654500000],  sp=0x000000b6544f2440,  free space=969k
Native frames: (J=compiled Java code, j=interpreted, Vv=VM code, C=native code)
C  0x00000242aea9e6bd


siginfo: EXCEPTION_ACCESS_VIOLATION (0xc0000005), reading address 0x00000002237200b8


Register to memory mapping:

RIP=0x00000242aea9e6bd is at entry_point+1341 in (nmethod*)0x00000242aea9df90
RAX=0x008400e7ff000105 is an unknown value
RBX=0x0 is NULL
RCX=0x0000000000000a34 is an unknown value
RDX=0x00000000a8367cd0 is an oop: java.util.concurrent.ConcurrentHashMap$ForwardingNode 
{0x00000000a8367cd0} - klass: 'java/util/concurrent/ConcurrentHashMap$ForwardingNode'
RSP=0x000000b6544f2440 is pointing into the stack for thread: 0x00000242be71d800
RBP=0x00000000abce5da0 is an oop: java.util.concurrent.ConcurrentHashMap$Node 
{0x00000000abce5da0} - klass: 'java/util/concurrent/ConcurrentHashMap$Node'
RSI=0x00000242bc78a740 is pointing into metadata
RDI=0x00000000a8357cc0 is an oop: [Ljava.util.concurrent.ConcurrentHashMap$Node; 
{0x00000000a8357cc0} - klass: 'java/util/concurrent/ConcurrentHashMap$Node'[]
 - length: 16384
R8 =0x0000000000000a34 is an unknown value
R9 =0x0000000000002000 is an unknown value
R10=0x0000000223720000 is an unknown value
R11=
[error occurred during error reporting (printing register info), id 0xc0000005, EXCEPTION_ACCESS_VIOLATION (0xc0000005) at pc=0x00007ffec9333e06]

Registers:
RAX=0x008400e7ff000105, RBX=0x0000000000000000, RCX=0x0000000000000a34, RDX=0x00000000a8367cd0
RSP=0x000000b6544f2440, RBP=0x00000000abce5da0, RSI=0x00000242bc78a740, RDI=0x00000000a8357cc0
R8 =0x0000000000000a34, R9 =0x0000000000002000, R10=0x0000000223720000, R11=0x00000000a9be01c8
R12=0x0000000000000000, R13=0x00000000a836cdb0, R14=0x00000000a8357cc0, R15=0x00000242be71d800
RIP=0x00000242aea9e6bd, EFLAGS=0x0000000000010206

Top of Stack: (sp=0x000000b6544f2440)
0x000000b6544f2440:   00000000a8357c48 e1864be05f35073e
0x000000b6544f2450:   000000b6544f24b0 00000242be71d800
0x000000b6544f2460:   603bea3ba8367cd0 000000010001a9e8
0x000000b6544f2470:   a9be01c800002a34 00000000abc91ed0
0x000000b6544f2480:   00000000a8367cd0 0000000000000a34
0x000000b6544f2490:   00000000abc947b0 0000000044244000
0x000000b6544f24a0:   00000000a9be01c8 0000000000000000
0x000000b6544f24b0:   00000000abce5da0 00000242abce5d30
0x000000b6544f24c0:   00000000abce5d30 0000000100000820
0x000000b6544f24d0:   0000000000000009 00000000a8357cc0
0x000000b6544f24e0:   0000400000000100 00000a3400000000
0x000000b6544f24f0:   0000200000000a00 00000000a94186f0
0x000000b6544f2500:   00000000a04acd78 00000000a04acd78
0x000000b6544f2510:   a8357cc000004000 00000242b6330000
0x000000b6544f2520:   0000000000000007 c0cfe2079e894f45
0x000000b6544f2530:   0000000000000009 000002429cfec4a0 

Instructions: (pc=0x00000242aea9e6bd)
0x00000242aea9e5bd:   24 a4 00 00 00 0f 8d 00 0c 00 00 4c 63 94 24 ac
0x00000242aea9e5cd:   00 00 00 4c 89 54 24 48 4c 8b 54 24 38 4c 8b 5c
0x00000242aea9e5dd:   24 48 4f 8d 54 9a 10 4c 89 54 24 50 45 8b 12 44
0x00000242aea9e5ed:   89 54 24 34 45 85 d2 0f 85 85 00 00 00 4c 8b 54
0x00000242aea9e5fd:   24 50 48 33 c0 44 8b 5c 24 20 f0 45 0f b1 1a 0f
0x00000242aea9e60d:   94 c3 0f b6 db 85 db 74 64 4c 8b 5c 24 40 4d 33
0x00000242aea9e61d:   da 49 c1 eb 14 4d 85 db 74 53 49 c1 ea 09 48 b9
0x00000242aea9e62d:   00 00 33 b6 42 02 00 00 49 03 ca 80 39 20 74 3d
0x00000242aea9e63d:   4d 8b 57 70 4d 8b 9f 80 00 00 00 f0 83 44 24 c0
0x00000242aea9e64d:   00 80 39 00 74 27 44 88 21 4d 85 d2 75 12 49 8b
0x00000242aea9e65d:   d7 49 ba d0 c1 47 c9 fe 7f 00 00 41 ff d2 eb 0d
0x00000242aea9e66d:   4b 89 4c 13 f8 49 83 c2 f8 4d 89 57 70 e9 8f 06
0x00000242aea9e67d:   00 00 45 8b 52 0c 44 89 54 24 58 41 83 fa ff 0f
0x00000242aea9e68d:   84 77 06 00 00 44 8b 54 24 34 49 8b 02 4c 89 54
0x00000242aea9e69d:   24 60 4c 8b d0 49 83 e2 07 49 83 fa 05 0f 85 db
0x00000242aea9e6ad:   0b 00 00 44 8b 5c 24 34 45 8b 53 08 49 c1 e2 03
0x00000242aea9e6bd:   4d 8b 92 b8 00 00 00 4d 8b da 4d 0b df 4d 8b c3
0x00000242aea9e6cd:   4c 33 c0 49 f7 c0 87 ff ff ff 0f 85 d4 0c 00 00
0x00000242aea9e6dd:   4c 8b 54 24 50 41 8b 2a 44 8b 5c 24 34 41 3b eb
0x00000242aea9e6ed:   0f 85 f6 0c 00 00 44 8b 54 24 58 45 85 d2 0f 8c
0x00000242aea9e6fd:   f3 0c 00 00 44 8b 94 24 b4 00 00 00 44 23 54 24
0x00000242aea9e70d:   58 45 8b 43 18 45 85 c0 0f 84 fe 03 00 00 4d 8b
0x00000242aea9e71d:   d8 4c 8b 44 24 60 4c 89 44 24 70 45 8b 43 18 45
0x00000242aea9e72d:   8b 4b 0c 44 23 8c 24 b4 00 00 00 45 3b ca 4c 8b
0x00000242aea9e73d:   54 24 70 4d 0f 45 d3 4c 89 54 24 70 4d 8b 97 08
0x00000242aea9e74d:   01 00 00 41 85 02 45 85 c0 74 08 4d 8b d8 45 8b
0x00000242aea9e75d:   d1 eb c8 4c 8b 54 24 70 45 33 db 45 85 c9 4d 0f
0x00000242aea9e76d:   44 d3 4c 89 54 24 58 4c 8b 54 24 70 45 85 c9 4d
0x00000242aea9e77d:   0f 45 d3 4c 89 54 24 68 4c 8b 54 24 60 4c 3b 54
0x00000242aea9e78d:   24 70 0f 84 af 03 00 00 4c 89 94 24 b8 00 00 00
0x00000242aea9e79d:   4c 8b 94 24 b8 00 00 00 45 8b 52 0c 44 89 54 24
0x00000242aea9e7ad:   24 4c 8b 94 24 b8 00 00 00 45 8b 5a 14 44 89 5c 


Stack slot to memory mapping:
stack at sp + 0 slots: 0x00000000a8357c48 is an oop: [B 
{0x00000000a8357c48} - klass: {type array byte}
 - length: 49
stack at sp + 1 slots: 0xe1864be05f35073e is an unknown value
stack at sp + 2 slots: 0x000000b6544f24b0 is pointing into the stack for thread: 0x00000242be71d800
stack at sp + 3 slots: 0x00000242be71d800 is a thread
stack at sp + 4 slots: 0x603bea3ba8367cd0 is an unknown value
stack at sp + 5 slots: 0x000000010001a9e8 is a pointer to class: 
java.util.concurrent.ConcurrentHashMap$Node {0x000000010001a9f0}
stack at sp + 6 slots: 0xa9be01c800002a34 is an unknown value
stack at sp + 7 slots: 0x00000000abc91ed0 is an oop: [Ljava.util.concurrent.ConcurrentHashMap$Node; 
{0x00000000abc91ed0} - klass: 'java/util/concurrent/ConcurrentHashMap$Node'[]
 - length: 8192



---------------  P R O C E S S  ---------------

Threads class SMR info:
_java_thread_list=0x00000242c3a5a220, length=37, elements={
0x000002429cfdf800, 0x00000242bccf1800, 0x00000242bccf2000, 0x00000242bcd46800,
0x00000242bcd48000, 0x00000242bcd4a000, 0x00000242bcd4d800, 0x00000242bcd4f000,
0x00000242bcd64800, 0x00000242bceb6800, 0x00000242be5e4800, 0x00000242be933000,
0x00000242be327800, 0x00000242be905800, 0x00000242be5f1000, 0x00000242beea1800,
0x00000242be71d800, 0x00000242bf51d800, 0x00000242be9ae800, 0x00000242bef1d000,
0x00000242bfefc800, 0x00000242bfefb000, 0x00000242bfeff000, 0x00000242bfdf0800,
0x00000242bfefd800, 0x00000242bfefa800, 0x00000242bfefc000, 0x00000242bfefe800,
0x00000242bff01000, 0x00000242bff00000, 0x00000242bf4ec000, 0x00000242bf4f1800,
0x00000242bf4ef000, 0x00000242bf4ee800, 0x00000242bf4ec800, 0x00000242bf4f3000,
0x00000242bf4f2800
}

Java Threads: ( => current thread )
  0x000002429cfdf800 JavaThread "main" [_thread_blocked, id=7440, stack(0x000000b652a00000,0x000000b652b00000)]
  0x00000242bccf1800 JavaThread "Reference Handler" daemon [_thread_blocked, id=3180, stack(0x000000b653100000,0x000000b653200000)]
  0x00000242bccf2000 JavaThread "Finalizer" daemon [_thread_blocked, id=8164, stack(0x000000b653200000,0x000000b653300000)]
  0x00000242bcd46800 JavaThread "Signal Dispatcher" daemon [_thread_blocked, id=8284, stack(0x000000b653300000,0x000000b653400000)]
  0x00000242bcd48000 JavaThread "Attach Listener" daemon [_thread_blocked, id=10332, stack(0x000000b653400000,0x000000b653500000)]
  0x00000242bcd4a000 JavaThread "Service Thread" daemon [_thread_blocked, id=8844, stack(0x000000b653500000,0x000000b653600000)]
  0x00000242bcd4d800 JavaThread "C2 CompilerThread0" daemon [_thread_blocked, id=8420, stack(0x000000b653600000,0x000000b653700000)]
  0x00000242bcd4f000 JavaThread "C1 CompilerThread0" daemon [_thread_blocked, id=2740, stack(0x000000b653700000,0x000000b653800000)]
  0x00000242bcd64800 JavaThread "Sweeper thread" daemon [_thread_blocked, id=7716, stack(0x000000b653800000,0x000000b653900000)]
  0x00000242bceb6800 JavaThread "Common-Cleaner" daemon [_thread_blocked, id=6708, stack(0x000000b653900000,0x000000b653a00000)]
  0x00000242be5e4800 JavaThread "Daemon health stats" [_thread_blocked, id=11144, stack(0x000000b653f00000,0x000000b654000000)]
  0x00000242be933000 JavaThread "Incoming local TCP Connector on port 49952" [_thread_in_native, id=3760, stack(0x000000b653e00000,0x000000b653f00000)]
  0x00000242be327800 JavaThread "Daemon periodic checks" [_thread_blocked, id=2016, stack(0x000000b654000000,0x000000b654100000)]
  0x00000242be905800 JavaThread "Daemon" [_thread_blocked, id=11088, stack(0x000000b654100000,0x000000b654200000)]
  0x00000242be5f1000 JavaThread "Handler for socket connection from /127.0.0.1:49952 to /127.0.0.1:49953" [_thread_in_native, id=11880, stack(0x000000b654200000,0x000000b654300000)]
  0x00000242beea1800 JavaThread "Cancel handler" [_thread_blocked, id=9316, stack(0x000000b654300000,0x000000b654400000)]
=>0x00000242be71d800 JavaThread "Daemon worker" [_thread_in_Java, id=13572, stack(0x000000b654400000,0x000000b654500000)]
  0x00000242bf51d800 JavaThread "Asynchronous log dispatcher for DefaultDaemonConnection: socket connection from /127.0.0.1:49952 to /127.0.0.1:49953" [_thread_blocked, id=2720, stack(0x000000b654500000,0x000000b654600000)]
  0x00000242be9ae800 JavaThread "Stdin handler" [_thread_blocked, id=2780, stack(0x000000b654600000,0x000000b654700000)]
  0x00000242bef1d000 JavaThread "Daemon client event forwarder" [_thread_blocked, id=5496, stack(0x000000b654700000,0x000000b654800000)]
  0x00000242bfefc800 JavaThread "Cache worker for journal cache (C:\Users\admin\.gradle\caches\journal-1)" [_thread_blocked, id=11164, stack(0x000000b654800000,0x000000b654900000)]
  0x00000242bfefb000 JavaThread "File lock request listener" [_thread_in_native, id=360, stack(0x000000b654900000,0x000000b654a00000)]
  0x00000242bfeff000 JavaThread "Cache worker for file hash cache (C:\Users\admin\.gradle\caches\7.4\fileHashes)" [_thread_blocked, id=7024, stack(0x000000b654a00000,0x000000b654b00000)]
  0x00000242bfdf0800 JavaThread "C2 CompilerThread1" daemon [_thread_blocked, id=9204, stack(0x000000b654b00000,0x000000b654c00000)]
  0x00000242bfefd800 JavaThread "File watcher server" daemon [_thread_in_native, id=9428, stack(0x000000b654c00000,0x000000b654d00000)]
  0x00000242bfefa800 JavaThread "File watcher consumer" daemon [_thread_blocked, id=8232, stack(0x000000b654d00000,0x000000b654e00000)]
  0x00000242bfefc000 JavaThread "Cache worker for checksums cache (D:\Flutter_Projects\source_code\android\.gradle\7.4\checksums)" [_thread_blocked, id=1248, stack(0x000000b654e00000,0x000000b654f00000)]
  0x00000242bfefe800 JavaThread "Cache worker for cache directory md-rule (C:\Users\admin\.gradle\caches\7.4\md-rule)" [_thread_blocked, id=4976, stack(0x000000b654f00000,0x000000b655000000)]
  0x00000242bff01000 JavaThread "Cache worker for file hash cache (D:\Flutter_Projects\source_code\android\.gradle\7.4\fileHashes)" [_thread_blocked, id=12704, stack(0x000000b655000000,0x000000b655100000)]
  0x00000242bff00000 JavaThread "Cache worker for cache directory md-supplier (C:\Users\admin\.gradle\caches\7.4\md-supplier)" [_thread_blocked, id=4076, stack(0x000000b655100000,0x000000b655200000)]
  0x00000242bf4ec000 JavaThread "Cache worker for execution history cache (C:\Users\admin\.gradle\caches\7.4\executionHistory)" [_thread_blocked, id=4516, stack(0x000000b655200000,0x000000b655300000)]
  0x00000242bf4f1800 JavaThread "jar transforms" [_thread_blocked, id=12484, stack(0x000000b655300000,0x000000b655400000)]
  0x00000242bf4ef000 JavaThread "jar transforms Thread 2" [_thread_blocked, id=12512, stack(0x000000b655400000,0x000000b655500000)]
  0x00000242bf4ee800 JavaThread "Cache worker for file content cache (C:\Users\admin\.gradle\caches\7.4\fileContent)" [_thread_blocked, id=952, stack(0x000000b655500000,0x000000b655600000)]
  0x00000242bf4ec800 JavaThread "jar transforms Thread 3" [_thread_blocked, id=412, stack(0x000000b655600000,0x000000b655700000)]
  0x00000242bf4f3000 JavaThread "jar transforms Thread 4" [_thread_blocked, id=736, stack(0x000000b655700000,0x000000b655800000)]
  0x00000242bf4f2800 JavaThread "Cache worker for dependencies-accessors (D:\Flutter_Projects\source_code\android\.gradle\7.4\dependencies-accessors)" [_thread_blocked, id=14288, stack(0x000000b655800000,0x000000b655900000)]

Other Threads:
  0x00000242bc4c1800 VMThread "VM Thread" [stack: 0x000000b653000000,0x000000b653100000] [id=8156]
  0x00000242bcebe000 WatcherThread [stack: 0x000000b653a00000,0x000000b653b00000] [id=5996]
  0x000002429cff7800 GCTaskThread "GC Thread#0" [stack: 0x000000b652b00000,0x000000b652c00000] [id=9560]
  0x00000242bd4ac800 GCTaskThread "GC Thread#1" [stack: 0x000000b653b00000,0x000000b653c00000] [id=2664]
  0x00000242bd315000 GCTaskThread "GC Thread#2" [stack: 0x000000b653c00000,0x000000b653d00000] [id=12344]
  0x00000242bd769800 GCTaskThread "GC Thread#3" [stack: 0x000000b653d00000,0x000000b653e00000] [id=9112]
  0x000002429d01d800 ConcurrentGCThread "G1 Main Marker" [stack: 0x000000b652c00000,0x000000b652d00000] [id=10728]
  0x000002429d01e800 ConcurrentGCThread "G1 Conc#0" [stack: 0x000000b652d00000,0x000000b652e00000] [id=6760]
  0x00000242bc325000 ConcurrentGCThread "G1 Refine#0" [stack: 0x000000b652e00000,0x000000b652f00000] [id=11864]
  0x00000242bc326000 ConcurrentGCThread "G1 Young RemSet Sampling" [stack: 0x000000b652f00000,0x000000b653000000] [id=9468]

Threads with active compile tasks:

VM state:not at safepoint (normal execution)

VM Mutex/Monitor currently owned by a thread: None

Heap address: 0x00000000a0000000, size: 1536 MB, Compressed Oops mode: 32-bit
Narrow klass base: 0x0000000000000000, Narrow klass shift: 3
Compressed class space size: 1073741824 Address: 0x0000000100000000

Heap:
 garbage-first heap   total 262144K, used 143591K [0x00000000a0000000, 0x0000000100000000)
  region size 1024K, 125 young (128000K), 9 survivors (9216K)
 Metaspace       used 44190K, capacity 45348K, committed 45520K, reserved 1089536K
  class space    used 5522K, capacity 5919K, committed 6016K, reserved 1048576K
Heap Regions: E=young(eden), S=young(survivor), O=old, HS=humongous(starts), HC=humongous(continues), CS=collection set, F=free, A=archive, TAMS=top-at-mark-start (previous, next)
|   0|0x00000000a0000000, 0x00000000a0100000, 0x00000000a0100000|100%|HS|  |TAMS 0x00000000a0100000, 0x00000000a0000000| Complete 
|   1|0x00000000a0100000, 0x00000000a0200000, 0x00000000a0200000|100%|HC|  |TAMS 0x00000000a0200000, 0x00000000a0100000| Complete 
|   2|0x00000000a0200000, 0x00000000a0300000, 0x00000000a0300000|100%|HC|  |TAMS 0x00000000a0300000, 0x00000000a0200000| Complete 
|   3|0x00000000a0300000, 0x00000000a0400000, 0x00000000a0400000|100%| O|  |TAMS 0x00000000a0400000, 0x00000000a0300000| Untracked 
|   4|0x00000000a0400000, 0x00000000a0500000, 0x00000000a0500000|100%| O|  |TAMS 0x00000000a0500000, 0x00000000a0400000| Untracked 
|   5|0x00000000a0500000, 0x00000000a0600000, 0x00000000a0600000|100%| O|  |TAMS 0x00000000a0600000, 0x00000000a0500000| Untracked 
|   6|0x00000000a0600000, 0x00000000a0700000, 0x00000000a0700000|100%| O|  |TAMS 0x00000000a0700000, 0x00000000a0600000| Untracked 
|   7|0x00000000a0700000, 0x00000000a0800000, 0x00000000a0800000|100%| O|  |TAMS 0x00000000a0800000, 0x00000000a0700000| Untracked 
|   8|0x00000000a0800000, 0x00000000a0900000, 0x00000000a0900000|100%| O|  |TAMS 0x00000000a0900000, 0x00000000a0800000| Untracked 
|   9|0x00000000a0900000, 0x00000000a0a00000, 0x00000000a0a00000|100%| O|  |TAMS 0x00000000a0a00000, 0x00000000a0900000| Untracked 
|  10|0x00000000a0a00000, 0x00000000a0b00000, 0x00000000a0b00000|100%| O|  |TAMS 0x00000000a0b00000, 0x00000000a0a00000| Untracked 
|  11|0x00000000a0b00000, 0x00000000a0c00000, 0x00000000a0c00000|100%| O|  |TAMS 0x00000000a0c00000, 0x00000000a0b00000| Untracked 
|  12|0x00000000a0c00000, 0x00000000a0d00000, 0x00000000a0d00000|100%| O|  |TAMS 0x00000000a0d00000, 0x00000000a0c00000| Untracked 
|  13|0x00000000a0d00000, 0x00000000a0d8e000, 0x00000000a0e00000| 55%| O|  |TAMS 0x00000000a0d8e000, 0x00000000a0d00000| Untracked 
|  14|0x00000000a0e00000, 0x00000000a0f00000, 0x00000000a0f00000|100%|HS|  |TAMS 0x00000000a0e00000, 0x00000000a0e00000| Complete 
|  15|0x00000000a0f00000, 0x00000000a1000000, 0x00000000a1000000|100%|HS|  |TAMS 0x00000000a0f00000, 0x00000000a0f00000| Complete 
|  16|0x00000000a1000000, 0x00000000a1100000, 0x00000000a1100000|100%|HC|  |TAMS 0x00000000a1000000, 0x00000000a1000000| Complete 
|  17|0x00000000a1100000, 0x00000000a1200000, 0x00000000a1200000|100%|HS|  |TAMS 0x00000000a1100000, 0x00000000a1100000| Complete 
|  18|0x00000000a1200000, 0x00000000a1200000, 0x00000000a1300000|  0%| F|  |TAMS 0x00000000a1200000, 0x00000000a1200000| Untracked 
|  19|0x00000000a1300000, 0x00000000a1300000, 0x00000000a1400000|  0%| F|  |TAMS 0x00000000a1300000, 0x00000000a1300000| Untracked 
|  20|0x00000000a1400000, 0x00000000a1400000, 0x00000000a1500000|  0%| F|  |TAMS 0x00000000a1400000, 0x00000000a1400000| Untracked 
|  21|0x00000000a1500000, 0x00000000a1500000, 0x00000000a1600000|  0%| F|  |TAMS 0x00000000a1500000, 0x00000000a1500000| Untracked 
|  22|0x00000000a1600000, 0x00000000a1600000, 0x00000000a1700000|  0%| F|  |TAMS 0x00000000a1600000, 0x00000000a1600000| Untracked 
|  23|0x00000000a1700000, 0x00000000a1700000, 0x00000000a1800000|  0%| F|  |TAMS 0x00000000a1700000, 0x00000000a1700000| Untracked 
|  24|0x00000000a1800000, 0x00000000a1800000, 0x00000000a1900000|  0%| F|  |TAMS 0x00000000a1800000, 0x00000000a1800000| Untracked 
|  25|0x00000000a1900000, 0x00000000a1900000, 0x00000000a1a00000|  0%| F|  |TAMS 0x00000000a1900000, 0x00000000a1900000| Untracked 
|  26|0x00000000a1a00000, 0x00000000a1a00000, 0x00000000a1b00000|  0%| F|  |TAMS 0x00000000a1a00000, 0x00000000a1a00000| Untracked 
|  27|0x00000000a1b00000, 0x00000000a1b00000, 0x00000000a1c00000|  0%| F|  |TAMS 0x00000000a1b00000, 0x00000000a1b00000| Untracked 
|  28|0x00000000a1c00000, 0x00000000a1c00000, 0x00000000a1d00000|  0%| F|  |TAMS 0x00000000a1c00000, 0x00000000a1c00000| Untracked 
|  29|0x00000000a1d00000, 0x00000000a1d00000, 0x00000000a1e00000|  0%| F|  |TAMS 0x00000000a1d00000, 0x00000000a1d00000| Untracked 
|  30|0x00000000a1e00000, 0x00000000a1e00000, 0x00000000a1f00000|  0%| F|  |TAMS 0x00000000a1e00000, 0x00000000a1e00000| Untracked 
|  31|0x00000000a1f00000, 0x00000000a1f00000, 0x00000000a2000000|  0%| F|  |TAMS 0x00000000a1f00000, 0x00000000a1f00000| Untracked 
|  32|0x00000000a2000000, 0x00000000a2000000, 0x00000000a2100000|  0%| F|  |TAMS 0x00000000a2000000, 0x00000000a2000000| Untracked 
|  33|0x00000000a2100000, 0x00000000a2100000, 0x00000000a2200000|  0%| F|  |TAMS 0x00000000a2100000, 0x00000000a2100000| Untracked 
|  34|0x00000000a2200000, 0x00000000a2200000, 0x00000000a2300000|  0%| F|  |TAMS 0x00000000a2200000, 0x00000000a2200000| Untracked 
|  35|0x00000000a2300000, 0x00000000a2300000, 0x00000000a2400000|  0%| F|  |TAMS 0x00000000a2300000, 0x00000000a2300000| Untracked 
|  36|0x00000000a2400000, 0x00000000a2400000, 0x00000000a2500000|  0%| F|  |TAMS 0x00000000a2400000, 0x00000000a2400000| Untracked 
|  37|0x00000000a2500000, 0x00000000a2500000, 0x00000000a2600000|  0%| F|  |TAMS 0x00000000a2500000, 0x00000000a2500000| Untracked 
|  38|0x00000000a2600000, 0x00000000a2600000, 0x00000000a2700000|  0%| F|  |TAMS 0x00000000a2600000, 0x00000000a2600000| Untracked 
|  39|0x00000000a2700000, 0x00000000a2700000, 0x00000000a2800000|  0%| F|  |TAMS 0x00000000a2700000, 0x00000000a2700000| Untracked 
|  40|0x00000000a2800000, 0x00000000a2800000, 0x00000000a2900000|  0%| F|  |TAMS 0x00000000a2800000, 0x00000000a2800000| Untracked 
|  41|0x00000000a2900000, 0x00000000a2900000, 0x00000000a2a00000|  0%| F|  |TAMS 0x00000000a2900000, 0x00000000a2900000| Untracked 
|  42|0x00000000a2a00000, 0x00000000a2a00000, 0x00000000a2b00000|  0%| F|  |TAMS 0x00000000a2a00000, 0x00000000a2a00000| Untracked 
|  43|0x00000000a2b00000, 0x00000000a2b00000, 0x00000000a2c00000|  0%| F|  |TAMS 0x00000000a2b00000, 0x00000000a2b00000| Untracked 
|  44|0x00000000a2c00000, 0x00000000a2c00000, 0x00000000a2d00000|  0%| F|  |TAMS 0x00000000a2c00000, 0x00000000a2c00000| Untracked 
|  45|0x00000000a2d00000, 0x00000000a2d00000, 0x00000000a2e00000|  0%| F|  |TAMS 0x00000000a2d00000, 0x00000000a2d00000| Untracked 
|  46|0x00000000a2e00000, 0x00000000a2e00000, 0x00000000a2f00000|  0%| F|  |TAMS 0x00000000a2e00000, 0x00000000a2e00000| Untracked 
|  47|0x00000000a2f00000, 0x00000000a2f00000, 0x00000000a3000000|  0%| F|  |TAMS 0x00000000a2f00000, 0x00000000a2f00000| Untracked 
|  48|0x00000000a3000000, 0x00000000a3000000, 0x00000000a3100000|  0%| F|  |TAMS 0x00000000a3000000, 0x00000000a3000000| Untracked 
|  49|0x00000000a3100000, 0x00000000a3100000, 0x00000000a3200000|  0%| F|  |TAMS 0x00000000a3100000, 0x00000000a3100000| Untracked 
|  50|0x00000000a3200000, 0x00000000a3200000, 0x00000000a3300000|  0%| F|  |TAMS 0x00000000a3200000, 0x00000000a3200000| Untracked 
|  51|0x00000000a3300000, 0x00000000a3300000, 0x00000000a3400000|  0%| F|  |TAMS 0x00000000a3300000, 0x00000000a3300000| Untracked 
|  52|0x00000000a3400000, 0x00000000a3400000, 0x00000000a3500000|  0%| F|  |TAMS 0x00000000a3400000, 0x00000000a3400000| Untracked 
|  53|0x00000000a3500000, 0x00000000a3500000, 0x00000000a3600000|  0%| F|  |TAMS 0x00000000a3500000, 0x00000000a3500000| Untracked 
|  54|0x00000000a3600000, 0x00000000a3600000, 0x00000000a3700000|  0%| F|  |TAMS 0x00000000a3600000, 0x00000000a3600000| Untracked 
|  55|0x00000000a3700000, 0x00000000a3700000, 0x00000000a3800000|  0%| F|  |TAMS 0x00000000a3700000, 0x00000000a3700000| Untracked 
|  56|0x00000000a3800000, 0x00000000a3800000, 0x00000000a3900000|  0%| F|  |TAMS 0x00000000a3800000, 0x00000000a3800000| Untracked 
|  57|0x00000000a3900000, 0x00000000a3900000, 0x00000000a3a00000|  0%| F|  |TAMS 0x00000000a3900000, 0x00000000a3900000| Untracked 
|  58|0x00000000a3a00000, 0x00000000a3a00000, 0x00000000a3b00000|  0%| F|  |TAMS 0x00000000a3a00000, 0x00000000a3a00000| Untracked 
|  59|0x00000000a3b00000, 0x00000000a3b00000, 0x00000000a3c00000|  0%| F|  |TAMS 0x00000000a3b00000, 0x00000000a3b00000| Untracked 
|  60|0x00000000a3c00000, 0x00000000a3c00000, 0x00000000a3d00000|  0%| F|  |TAMS 0x00000000a3c00000, 0x00000000a3c00000| Untracked 
|  61|0x00000000a3d00000, 0x00000000a3d00000, 0x00000000a3e00000|  0%| F|  |TAMS 0x00000000a3d00000, 0x00000000a3d00000| Untracked 
|  62|0x00000000a3e00000, 0x00000000a3e00000, 0x00000000a3f00000|  0%| F|  |TAMS 0x00000000a3e00000, 0x00000000a3e00000| Untracked 
|  63|0x00000000a3f00000, 0x00000000a3f00000, 0x00000000a4000000|  0%| F|  |TAMS 0x00000000a3f00000, 0x00000000a3f00000| Untracked 
|  64|0x00000000a4000000, 0x00000000a4000000, 0x00000000a4100000|  0%| F|  |TAMS 0x00000000a4000000, 0x00000000a4000000| Untracked 
|  65|0x00000000a4100000, 0x00000000a4100000, 0x00000000a4200000|  0%| F|  |TAMS 0x00000000a4100000, 0x00000000a4100000| Untracked 
|  66|0x00000000a4200000, 0x00000000a4200000, 0x00000000a4300000|  0%| F|  |TAMS 0x00000000a4200000, 0x00000000a4200000| Untracked 
|  67|0x00000000a4300000, 0x00000000a4300000, 0x00000000a4400000|  0%| F|  |TAMS 0x00000000a4300000, 0x00000000a4300000| Untracked 
|  68|0x00000000a4400000, 0x00000000a4400000, 0x00000000a4500000|  0%| F|  |TAMS 0x00000000a4400000, 0x00000000a4400000| Untracked 
|  69|0x00000000a4500000, 0x00000000a4500000, 0x00000000a4600000|  0%| F|  |TAMS 0x00000000a4500000, 0x00000000a4500000| Untracked 
|  70|0x00000000a4600000, 0x00000000a4600000, 0x00000000a4700000|  0%| F|  |TAMS 0x00000000a4600000, 0x00000000a4600000| Untracked 
|  71|0x00000000a4700000, 0x00000000a4700000, 0x00000000a4800000|  0%| F|  |TAMS 0x00000000a4700000, 0x00000000a4700000| Untracked 
|  72|0x00000000a4800000, 0x00000000a4800000, 0x00000000a4900000|  0%| F|  |TAMS 0x00000000a4800000, 0x00000000a4800000| Untracked 
|  73|0x00000000a4900000, 0x00000000a4900000, 0x00000000a4a00000|  0%| F|  |TAMS 0x00000000a4900000, 0x00000000a4900000| Untracked 
|  74|0x00000000a4a00000, 0x00000000a4a00000, 0x00000000a4b00000|  0%| F|  |TAMS 0x00000000a4a00000, 0x00000000a4a00000| Untracked 
|  75|0x00000000a4b00000, 0x00000000a4b00000, 0x00000000a4c00000|  0%| F|  |TAMS 0x00000000a4b00000, 0x00000000a4b00000| Untracked 
|  76|0x00000000a4c00000, 0x00000000a4c00000, 0x00000000a4d00000|  0%| F|  |TAMS 0x00000000a4c00000, 0x00000000a4c00000| Untracked 
|  77|0x00000000a4d00000, 0x00000000a4d00000, 0x00000000a4e00000|  0%| F|  |TAMS 0x00000000a4d00000, 0x00000000a4d00000| Untracked 
|  78|0x00000000a4e00000, 0x00000000a4e00000, 0x00000000a4f00000|  0%| F|  |TAMS 0x00000000a4e00000, 0x00000000a4e00000| Untracked 
|  79|0x00000000a4f00000, 0x00000000a4f00000, 0x00000000a5000000|  0%| F|  |TAMS 0x00000000a4f00000, 0x00000000a4f00000| Untracked 
|  80|0x00000000a5000000, 0x00000000a5000000, 0x00000000a5100000|  0%| F|  |TAMS 0x00000000a5000000, 0x00000000a5000000| Untracked 
|  81|0x00000000a5100000, 0x00000000a5100000, 0x00000000a5200000|  0%| F|  |TAMS 0x00000000a5100000, 0x00000000a5100000| Untracked 
|  82|0x00000000a5200000, 0x00000000a5200000, 0x00000000a5300000|  0%| F|  |TAMS 0x00000000a5200000, 0x00000000a5200000| Untracked 
|  83|0x00000000a5300000, 0x00000000a5300000, 0x00000000a5400000|  0%| F|  |TAMS 0x00000000a5300000, 0x00000000a5300000| Untracked 
|  84|0x00000000a5400000, 0x00000000a5400000, 0x00000000a5500000|  0%| F|  |TAMS 0x00000000a5400000, 0x00000000a5400000| Untracked 
|  85|0x00000000a5500000, 0x00000000a5500000, 0x00000000a5600000|  0%| F|  |TAMS 0x00000000a5500000, 0x00000000a5500000| Untracked 
|  86|0x00000000a5600000, 0x00000000a5600000, 0x00000000a5700000|  0%| F|  |TAMS 0x00000000a5600000, 0x00000000a5600000| Untracked 
|  87|0x00000000a5700000, 0x00000000a5700000, 0x00000000a5800000|  0%| F|  |TAMS 0x00000000a5700000, 0x00000000a5700000| Untracked 
|  88|0x00000000a5800000, 0x00000000a5800000, 0x00000000a5900000|  0%| F|  |TAMS 0x00000000a5800000, 0x00000000a5800000| Untracked 
|  89|0x00000000a5900000, 0x00000000a5900000, 0x00000000a5a00000|  0%| F|  |TAMS 0x00000000a5900000, 0x00000000a5900000| Untracked 
|  90|0x00000000a5a00000, 0x00000000a5a00000, 0x00000000a5b00000|  0%| F|  |TAMS 0x00000000a5a00000, 0x00000000a5a00000| Untracked 
|  91|0x00000000a5b00000, 0x00000000a5b00000, 0x00000000a5c00000|  0%| F|  |TAMS 0x00000000a5b00000, 0x00000000a5b00000| Untracked 
|  92|0x00000000a5c00000, 0x00000000a5c00000, 0x00000000a5d00000|  0%| F|  |TAMS 0x00000000a5c00000, 0x00000000a5c00000| Untracked 
|  93|0x00000000a5d00000, 0x00000000a5d00000, 0x00000000a5e00000|  0%| F|  |TAMS 0x00000000a5d00000, 0x00000000a5d00000| Untracked 
|  94|0x00000000a5e00000, 0x00000000a5e00000, 0x00000000a5f00000|  0%| F|  |TAMS 0x00000000a5e00000, 0x00000000a5e00000| Untracked 
|  95|0x00000000a5f00000, 0x00000000a5f00000, 0x00000000a6000000|  0%| F|  |TAMS 0x00000000a5f00000, 0x00000000a5f00000| Untracked 
|  96|0x00000000a6000000, 0x00000000a6000000, 0x00000000a6100000|  0%| F|  |TAMS 0x00000000a6000000, 0x00000000a6000000| Untracked 
|  97|0x00000000a6100000, 0x00000000a6100000, 0x00000000a6200000|  0%| F|  |TAMS 0x00000000a6100000, 0x00000000a6100000| Untracked 
|  98|0x00000000a6200000, 0x00000000a6200000, 0x00000000a6300000|  0%| F|  |TAMS 0x00000000a6200000, 0x00000000a6200000| Untracked 
|  99|0x00000000a6300000, 0x00000000a6300000, 0x00000000a6400000|  0%| F|  |TAMS 0x00000000a6300000, 0x00000000a6300000| Untracked 
| 100|0x00000000a6400000, 0x00000000a6400000, 0x00000000a6500000|  0%| F|  |TAMS 0x00000000a6400000, 0x00000000a6400000| Untracked 
| 101|0x00000000a6500000, 0x00000000a6500000, 0x00000000a6600000|  0%| F|  |TAMS 0x00000000a6500000, 0x00000000a6500000| Untracked 
| 102|0x00000000a6600000, 0x00000000a6600000, 0x00000000a6700000|  0%| F|  |TAMS 0x00000000a6600000, 0x00000000a6600000| Untracked 
| 103|0x00000000a6700000, 0x00000000a6700000, 0x00000000a6800000|  0%| F|  |TAMS 0x00000000a6700000, 0x00000000a6700000| Untracked 
| 104|0x00000000a6800000, 0x00000000a6800000, 0x00000000a6900000|  0%| F|  |TAMS 0x00000000a6800000, 0x00000000a6800000| Untracked 
| 105|0x00000000a6900000, 0x00000000a6900000, 0x00000000a6a00000|  0%| F|  |TAMS 0x00000000a6900000, 0x00000000a6900000| Untracked 
| 106|0x00000000a6a00000, 0x00000000a6a00000, 0x00000000a6b00000|  0%| F|  |TAMS 0x00000000a6a00000, 0x00000000a6a00000| Untracked 
| 107|0x00000000a6b00000, 0x00000000a6b00000, 0x00000000a6c00000|  0%| F|  |TAMS 0x00000000a6b00000, 0x00000000a6b00000| Untracked 
| 108|0x00000000a6c00000, 0x00000000a6c00000, 0x00000000a6d00000|  0%| F|  |TAMS 0x00000000a6c00000, 0x00000000a6c00000| Untracked 
| 109|0x00000000a6d00000, 0x00000000a6d00000, 0x00000000a6e00000|  0%| F|  |TAMS 0x00000000a6d00000, 0x00000000a6d00000| Untracked 
| 110|0x00000000a6e00000, 0x00000000a6e00000, 0x00000000a6f00000|  0%| F|  |TAMS 0x00000000a6e00000, 0x00000000a6e00000| Untracked 
| 111|0x00000000a6f00000, 0x00000000a6f00000, 0x00000000a7000000|  0%| F|  |TAMS 0x00000000a6f00000, 0x00000000a6f00000| Untracked 
| 112|0x00000000a7000000, 0x00000000a7000000, 0x00000000a7100000|  0%| F|  |TAMS 0x00000000a7000000, 0x00000000a7000000| Untracked 
| 113|0x00000000a7100000, 0x00000000a7100000, 0x00000000a7200000|  0%| F|  |TAMS 0x00000000a7100000, 0x00000000a7100000| Untracked 
| 114|0x00000000a7200000, 0x00000000a7200000, 0x00000000a7300000|  0%| F|  |TAMS 0x00000000a7200000, 0x00000000a7200000| Untracked 
| 115|0x00000000a7300000, 0x00000000a7300000, 0x00000000a7400000|  0%| F|  |TAMS 0x00000000a7300000, 0x00000000a7300000| Untracked 
| 116|0x00000000a7400000, 0x00000000a7400000, 0x00000000a7500000|  0%| F|  |TAMS 0x00000000a7400000, 0x00000000a7400000| Untracked 
| 117|0x00000000a7500000, 0x00000000a7500000, 0x00000000a7600000|  0%| F|  |TAMS 0x00000000a7500000, 0x00000000a7500000| Untracked 
| 118|0x00000000a7600000, 0x00000000a7600000, 0x00000000a7700000|  0%| F|  |TAMS 0x00000000a7600000, 0x00000000a7600000| Untracked 
| 119|0x00000000a7700000, 0x00000000a7700000, 0x00000000a7800000|  0%| F|  |TAMS 0x00000000a7700000, 0x00000000a7700000| Untracked 
| 120|0x00000000a7800000, 0x00000000a7800000, 0x00000000a7900000|  0%| F|  |TAMS 0x00000000a7800000, 0x00000000a7800000| Untracked 
| 121|0x00000000a7900000, 0x00000000a7900000, 0x00000000a7a00000|  0%| F|  |TAMS 0x00000000a7900000, 0x00000000a7900000| Untracked 
| 122|0x00000000a7a00000, 0x00000000a7a00000, 0x00000000a7b00000|  0%| F|  |TAMS 0x00000000a7a00000, 0x00000000a7a00000| Untracked 
| 123|0x00000000a7b00000, 0x00000000a7b00000, 0x00000000a7c00000|  0%| F|  |TAMS 0x00000000a7b00000, 0x00000000a7b00000| Untracked 
| 124|0x00000000a7c00000, 0x00000000a7c00000, 0x00000000a7d00000|  0%| F|  |TAMS 0x00000000a7c00000, 0x00000000a7c00000| Untracked 
| 125|0x00000000a7d00000, 0x00000000a7d00000, 0x00000000a7e00000|  0%| F|  |TAMS 0x00000000a7d00000, 0x00000000a7d00000| Untracked 
| 126|0x00000000a7e00000, 0x00000000a7e00000, 0x00000000a7f00000|  0%| F|  |TAMS 0x00000000a7e00000, 0x00000000a7e00000| Untracked 
| 127|0x00000000a7f00000, 0x00000000a7f00000, 0x00000000a8000000|  0%| F|  |TAMS 0x00000000a7f00000, 0x00000000a7f00000| Untracked 
| 128|0x00000000a8000000, 0x00000000a8000000, 0x00000000a8100000|  0%| F|  |TAMS 0x00000000a8000000, 0x00000000a8000000| Untracked 
| 129|0x00000000a8100000, 0x00000000a8100000, 0x00000000a8200000|  0%| F|  |TAMS 0x00000000a8100000, 0x00000000a8100000| Untracked 
| 130|0x00000000a8200000, 0x00000000a8200000, 0x00000000a8300000|  0%| F|  |TAMS 0x00000000a8200000, 0x00000000a8200000| Untracked 
| 131|0x00000000a8300000, 0x00000000a8380800, 0x00000000a8400000| 50%| E|  |TAMS 0x00000000a8300000, 0x00000000a8300000| Complete 
| 132|0x00000000a8400000, 0x00000000a8500000, 0x00000000a8500000|100%| E|CS|TAMS 0x00000000a8400000, 0x00000000a8400000| Complete 
| 133|0x00000000a8500000, 0x00000000a8600000, 0x00000000a8600000|100%| E|CS|TAMS 0x00000000a8500000, 0x00000000a8500000| Complete 
| 134|0x00000000a8600000, 0x00000000a8700000, 0x00000000a8700000|100%| E|CS|TAMS 0x00000000a8600000, 0x00000000a8600000| Complete 
| 135|0x00000000a8700000, 0x00000000a8800000, 0x00000000a8800000|100%| E|CS|TAMS 0x00000000a8700000, 0x00000000a8700000| Complete 
| 136|0x00000000a8800000, 0x00000000a8900000, 0x00000000a8900000|100%| E|CS|TAMS 0x00000000a8800000, 0x00000000a8800000| Complete 
| 137|0x00000000a8900000, 0x00000000a8a00000, 0x00000000a8a00000|100%| E|CS|TAMS 0x00000000a8900000, 0x00000000a8900000| Complete 
| 138|0x00000000a8a00000, 0x00000000a8b00000, 0x00000000a8b00000|100%| E|CS|TAMS 0x00000000a8a00000, 0x00000000a8a00000| Complete 
| 139|0x00000000a8b00000, 0x00000000a8c00000, 0x00000000a8c00000|100%| E|CS|TAMS 0x00000000a8b00000, 0x00000000a8b00000| Complete 
| 140|0x00000000a8c00000, 0x00000000a8d00000, 0x00000000a8d00000|100%| E|CS|TAMS 0x00000000a8c00000, 0x00000000a8c00000| Complete 
| 141|0x00000000a8d00000, 0x00000000a8e00000, 0x00000000a8e00000|100%| E|CS|TAMS 0x00000000a8d00000, 0x00000000a8d00000| Complete 
| 142|0x00000000a8e00000, 0x00000000a8f00000, 0x00000000a8f00000|100%| E|CS|TAMS 0x00000000a8e00000, 0x00000000a8e00000| Complete 
| 143|0x00000000a8f00000, 0x00000000a9000000, 0x00000000a9000000|100%| E|CS|TAMS 0x00000000a8f00000, 0x00000000a8f00000| Complete 
| 144|0x00000000a9000000, 0x00000000a9100000, 0x00000000a9100000|100%| E|CS|TAMS 0x00000000a9000000, 0x00000000a9000000| Complete 
| 145|0x00000000a9100000, 0x00000000a9200000, 0x00000000a9200000|100%| E|CS|TAMS 0x00000000a9100000, 0x00000000a9100000| Complete 
| 146|0x00000000a9200000, 0x00000000a9300000, 0x00000000a9300000|100%| E|CS|TAMS 0x00000000a9200000, 0x00000000a9200000| Complete 
| 147|0x00000000a9300000, 0x00000000a9400000, 0x00000000a9400000|100%| E|CS|TAMS 0x00000000a9300000, 0x00000000a9300000| Complete 
| 148|0x00000000a9400000, 0x00000000a9500000, 0x00000000a9500000|100%| E|CS|TAMS 0x00000000a9400000, 0x00000000a9400000| Complete 
| 149|0x00000000a9500000, 0x00000000a9600000, 0x00000000a9600000|100%| E|CS|TAMS 0x00000000a9500000, 0x00000000a9500000| Complete 
| 150|0x00000000a9600000, 0x00000000a9700000, 0x00000000a9700000|100%| E|CS|TAMS 0x00000000a9600000, 0x00000000a9600000| Complete 
| 151|0x00000000a9700000, 0x00000000a9800000, 0x00000000a9800000|100%| E|CS|TAMS 0x00000000a9700000, 0x00000000a9700000| Complete 
| 152|0x00000000a9800000, 0x00000000a9900000, 0x00000000a9900000|100%| E|CS|TAMS 0x00000000a9800000, 0x00000000a9800000| Complete 
| 153|0x00000000a9900000, 0x00000000a9a00000, 0x00000000a9a00000|100%| E|CS|TAMS 0x00000000a9900000, 0x00000000a9900000| Complete 
| 154|0x00000000a9a00000, 0x00000000a9b00000, 0x00000000a9b00000|100%| E|CS|TAMS 0x00000000a9a00000, 0x00000000a9a00000| Complete 
| 155|0x00000000a9b00000, 0x00000000a9c00000, 0x00000000a9c00000|100%| E|CS|TAMS 0x00000000a9b00000, 0x00000000a9b00000| Complete 
| 156|0x00000000a9c00000, 0x00000000a9d00000, 0x00000000a9d00000|100%| E|CS|TAMS 0x00000000a9c00000, 0x00000000a9c00000| Complete 
| 157|0x00000000a9d00000, 0x00000000a9e00000, 0x00000000a9e00000|100%| E|CS|TAMS 0x00000000a9d00000, 0x00000000a9d00000| Complete 
| 158|0x00000000a9e00000, 0x00000000a9f00000, 0x00000000a9f00000|100%| E|CS|TAMS 0x00000000a9e00000, 0x00000000a9e00000| Complete 
| 159|0x00000000a9f00000, 0x00000000aa000000, 0x00000000aa000000|100%| E|CS|TAMS 0x00000000a9f00000, 0x00000000a9f00000| Complete 
| 160|0x00000000aa000000, 0x00000000aa100000, 0x00000000aa100000|100%| E|CS|TAMS 0x00000000aa000000, 0x00000000aa000000| Complete 
| 161|0x00000000aa100000, 0x00000000aa200000, 0x00000000aa200000|100%| E|CS|TAMS 0x00000000aa100000, 0x00000000aa100000| Complete 
| 162|0x00000000aa200000, 0x00000000aa300000, 0x00000000aa300000|100%| E|CS|TAMS 0x00000000aa200000, 0x00000000aa200000| Complete 
| 163|0x00000000aa300000, 0x00000000aa400000, 0x00000000aa400000|100%| E|CS|TAMS 0x00000000aa300000, 0x00000000aa300000| Complete 
| 164|0x00000000aa400000, 0x00000000aa500000, 0x00000000aa500000|100%| E|CS|TAMS 0x00000000aa400000, 0x00000000aa400000| Complete 
| 165|0x00000000aa500000, 0x00000000aa600000, 0x00000000aa600000|100%| E|CS|TAMS 0x00000000aa500000, 0x00000000aa500000| Complete 
| 166|0x00000000aa600000, 0x00000000aa700000, 0x00000000aa700000|100%| E|CS|TAMS 0x00000000aa600000, 0x00000000aa600000| Complete 
| 167|0x00000000aa700000, 0x00000000aa800000, 0x00000000aa800000|100%| E|CS|TAMS 0x00000000aa700000, 0x00000000aa700000| Complete 
| 168|0x00000000aa800000, 0x00000000aa900000, 0x00000000aa900000|100%| E|CS|TAMS 0x00000000aa800000, 0x00000000aa800000| Complete 
| 169|0x00000000aa900000, 0x00000000aaa00000, 0x00000000aaa00000|100%| E|CS|TAMS 0x00000000aa900000, 0x00000000aa900000| Complete 
| 170|0x00000000aaa00000, 0x00000000aab00000, 0x00000000aab00000|100%| E|CS|TAMS 0x00000000aaa00000, 0x00000000aaa00000| Complete 
| 171|0x00000000aab00000, 0x00000000aac00000, 0x00000000aac00000|100%| E|CS|TAMS 0x00000000aab00000, 0x00000000aab00000| Complete 
| 172|0x00000000aac00000, 0x00000000aad00000, 0x00000000aad00000|100%| E|CS|TAMS 0x00000000aac00000, 0x00000000aac00000| Complete 
| 173|0x00000000aad00000, 0x00000000aae00000, 0x00000000aae00000|100%| E|CS|TAMS 0x00000000aad00000, 0x00000000aad00000| Complete 
| 174|0x00000000aae00000, 0x00000000aaf00000, 0x00000000aaf00000|100%| E|CS|TAMS 0x00000000aae00000, 0x00000000aae00000| Complete 
| 175|0x00000000aaf00000, 0x00000000ab000000, 0x00000000ab000000|100%| E|CS|TAMS 0x00000000aaf00000, 0x00000000aaf00000| Complete 
| 176|0x00000000ab000000, 0x00000000ab100000, 0x00000000ab100000|100%| E|CS|TAMS 0x00000000ab000000, 0x00000000ab000000| Complete 
| 177|0x00000000ab100000, 0x00000000ab200000, 0x00000000ab200000|100%| E|CS|TAMS 0x00000000ab100000, 0x00000000ab100000| Complete 
| 178|0x00000000ab200000, 0x00000000ab300000, 0x00000000ab300000|100%| E|CS|TAMS 0x00000000ab200000, 0x00000000ab200000| Complete 
| 179|0x00000000ab300000, 0x00000000ab400000, 0x00000000ab400000|100%| E|CS|TAMS 0x00000000ab300000, 0x00000000ab300000| Complete 
| 180|0x00000000ab400000, 0x00000000ab500000, 0x00000000ab500000|100%| E|CS|TAMS 0x00000000ab400000, 0x00000000ab400000| Complete 
| 181|0x00000000ab500000, 0x00000000ab600000, 0x00000000ab600000|100%| E|CS|TAMS 0x00000000ab500000, 0x00000000ab500000| Complete 
| 182|0x00000000ab600000, 0x00000000ab700000, 0x00000000ab700000|100%| E|CS|TAMS 0x00000000ab600000, 0x00000000ab600000| Complete 
| 183|0x00000000ab700000, 0x00000000ab800000, 0x00000000ab800000|100%| E|CS|TAMS 0x00000000ab700000, 0x00000000ab700000| Complete 
| 184|0x00000000ab800000, 0x00000000ab900000, 0x00000000ab900000|100%| E|CS|TAMS 0x00000000ab800000, 0x00000000ab800000| Complete 
| 185|0x00000000ab900000, 0x00000000aba00000, 0x00000000aba00000|100%| E|CS|TAMS 0x00000000ab900000, 0x00000000ab900000| Complete 
| 186|0x00000000aba00000, 0x00000000abaabc90, 0x00000000abb00000| 67%| S|CS|TAMS 0x00000000aba00000, 0x00000000aba00000| Complete 
| 187|0x00000000abb00000, 0x00000000abc00000, 0x00000000abc00000|100%| S|CS|TAMS 0x00000000abb00000, 0x00000000abb00000| Complete 
| 188|0x00000000abc00000, 0x00000000abd00000, 0x00000000abd00000|100%| S|CS|TAMS 0x00000000abc00000, 0x00000000abc00000| Complete 
| 189|0x00000000abd00000, 0x00000000abe00000, 0x00000000abe00000|100%| E|CS|TAMS 0x00000000abd00000, 0x00000000abd00000| Complete 
| 190|0x00000000abe00000, 0x00000000abf00000, 0x00000000abf00000|100%| E|CS|TAMS 0x00000000abe00000, 0x00000000abe00000| Complete 
| 191|0x00000000abf00000, 0x00000000ac000000, 0x00000000ac000000|100%| E|CS|TAMS 0x00000000abf00000, 0x00000000abf00000| Complete 
| 192|0x00000000ac000000, 0x00000000ac100000, 0x00000000ac100000|100%| E|CS|TAMS 0x00000000ac000000, 0x00000000ac000000| Complete 
| 193|0x00000000ac100000, 0x00000000ac200000, 0x00000000ac200000|100%| E|CS|TAMS 0x00000000ac100000, 0x00000000ac100000| Complete 
| 194|0x00000000ac200000, 0x00000000ac300000, 0x00000000ac300000|100%| E|CS|TAMS 0x00000000ac200000, 0x00000000ac200000| Complete 
| 195|0x00000000ac300000, 0x00000000ac400000, 0x00000000ac400000|100%| S|CS|TAMS 0x00000000ac300000, 0x00000000ac300000| Complete 
| 196|0x00000000ac400000, 0x00000000ac500000, 0x00000000ac500000|100%| S|CS|TAMS 0x00000000ac400000, 0x00000000ac400000| Complete 
| 197|0x00000000ac500000, 0x00000000ac600000, 0x00000000ac600000|100%| S|CS|TAMS 0x00000000ac500000, 0x00000000ac500000| Complete 
| 198|0x00000000ac600000, 0x00000000ac700000, 0x00000000ac700000|100%| S|CS|TAMS 0x00000000ac600000, 0x00000000ac600000| Complete 
| 199|0x00000000ac700000, 0x00000000ac800000, 0x00000000ac800000|100%| S|CS|TAMS 0x00000000ac700000, 0x00000000ac700000| Complete 
| 200|0x00000000ac800000, 0x00000000ac900000, 0x00000000ac900000|100%| S|CS|TAMS 0x00000000ac800000, 0x00000000ac800000| Complete 
| 201|0x00000000ac900000, 0x00000000aca00000, 0x00000000aca00000|100%| E|CS|TAMS 0x00000000ac900000, 0x00000000ac900000| Complete 
| 202|0x00000000aca00000, 0x00000000acb00000, 0x00000000acb00000|100%| E|CS|TAMS 0x00000000aca00000, 0x00000000aca00000| Complete 
| 203|0x00000000acb00000, 0x00000000acc00000, 0x00000000acc00000|100%| E|CS|TAMS 0x00000000acb00000, 0x00000000acb00000| Complete 
| 204|0x00000000acc00000, 0x00000000acd00000, 0x00000000acd00000|100%| E|CS|TAMS 0x00000000acc00000, 0x00000000acc00000| Complete 
| 205|0x00000000acd00000, 0x00000000ace00000, 0x00000000ace00000|100%| E|CS|TAMS 0x00000000acd00000, 0x00000000acd00000| Complete 
| 206|0x00000000ace00000, 0x00000000acf00000, 0x00000000acf00000|100%| E|CS|TAMS 0x00000000ace00000, 0x00000000ace00000| Complete 
| 207|0x00000000acf00000, 0x00000000ad000000, 0x00000000ad000000|100%| E|CS|TAMS 0x00000000acf00000, 0x00000000acf00000| Complete 
| 208|0x00000000ad000000, 0x00000000ad100000, 0x00000000ad100000|100%| E|CS|TAMS 0x00000000ad000000, 0x00000000ad000000| Complete 
| 209|0x00000000ad100000, 0x00000000ad200000, 0x00000000ad200000|100%| E|CS|TAMS 0x00000000ad100000, 0x00000000ad100000| Complete 
| 210|0x00000000ad200000, 0x00000000ad300000, 0x00000000ad300000|100%| E|CS|TAMS 0x00000000ad200000, 0x00000000ad200000| Complete 
| 211|0x00000000ad300000, 0x00000000ad400000, 0x00000000ad400000|100%| E|CS|TAMS 0x00000000ad300000, 0x00000000ad300000| Complete 
| 212|0x00000000ad400000, 0x00000000ad500000, 0x00000000ad500000|100%| E|CS|TAMS 0x00000000ad400000, 0x00000000ad400000| Complete 
| 213|0x00000000ad500000, 0x00000000ad600000, 0x00000000ad600000|100%| E|CS|TAMS 0x00000000ad500000, 0x00000000ad500000| Complete 
| 214|0x00000000ad600000, 0x00000000ad700000, 0x00000000ad700000|100%| E|CS|TAMS 0x00000000ad600000, 0x00000000ad600000| Complete 
| 215|0x00000000ad700000, 0x00000000ad800000, 0x00000000ad800000|100%| E|CS|TAMS 0x00000000ad700000, 0x00000000ad700000| Complete 
| 216|0x00000000ad800000, 0x00000000ad900000, 0x00000000ad900000|100%| E|CS|TAMS 0x00000000ad800000, 0x00000000ad800000| Complete 
| 217|0x00000000ad900000, 0x00000000ada00000, 0x00000000ada00000|100%| E|CS|TAMS 0x00000000ad900000, 0x00000000ad900000| Complete 
| 218|0x00000000ada00000, 0x00000000adb00000, 0x00000000adb00000|100%| E|  |TAMS 0x00000000ada00000, 0x00000000ada00000| Complete 
| 219|0x00000000adb00000, 0x00000000adc00000, 0x00000000adc00000|100%| E|CS|TAMS 0x00000000adb00000, 0x00000000adb00000| Complete 
| 220|0x00000000adc00000, 0x00000000add00000, 0x00000000add00000|100%| E|CS|TAMS 0x00000000adc00000, 0x00000000adc00000| Complete 
| 221|0x00000000add00000, 0x00000000ade00000, 0x00000000ade00000|100%| E|CS|TAMS 0x00000000add00000, 0x00000000add00000| Complete 
| 222|0x00000000ade00000, 0x00000000adf00000, 0x00000000adf00000|100%| E|CS|TAMS 0x00000000ade00000, 0x00000000ade00000| Complete 
| 223|0x00000000adf00000, 0x00000000ae000000, 0x00000000ae000000|100%| E|CS|TAMS 0x00000000adf00000, 0x00000000adf00000| Complete 
| 224|0x00000000ae000000, 0x00000000ae100000, 0x00000000ae100000|100%| E|CS|TAMS 0x00000000ae000000, 0x00000000ae000000| Complete 
| 225|0x00000000ae100000, 0x00000000ae200000, 0x00000000ae200000|100%| E|CS|TAMS 0x00000000ae100000, 0x00000000ae100000| Complete 
| 226|0x00000000ae200000, 0x00000000ae300000, 0x00000000ae300000|100%| E|CS|TAMS 0x00000000ae200000, 0x00000000ae200000| Complete 
| 227|0x00000000ae300000, 0x00000000ae400000, 0x00000000ae400000|100%| E|CS|TAMS 0x00000000ae300000, 0x00000000ae300000| Complete 
| 228|0x00000000ae400000, 0x00000000ae500000, 0x00000000ae500000|100%| E|CS|TAMS 0x00000000ae400000, 0x00000000ae400000| Complete 
| 229|0x00000000ae500000, 0x00000000ae600000, 0x00000000ae600000|100%| E|CS|TAMS 0x00000000ae500000, 0x00000000ae500000| Complete 
| 230|0x00000000ae600000, 0x00000000ae700000, 0x00000000ae700000|100%| E|CS|TAMS 0x00000000ae600000, 0x00000000ae600000| Complete 
| 231|0x00000000ae700000, 0x00000000ae800000, 0x00000000ae800000|100%| E|CS|TAMS 0x00000000ae700000, 0x00000000ae700000| Complete 
| 232|0x00000000ae800000, 0x00000000ae900000, 0x00000000ae900000|100%| E|CS|TAMS 0x00000000ae800000, 0x00000000ae800000| Complete 
| 233|0x00000000ae900000, 0x00000000aea00000, 0x00000000aea00000|100%| E|CS|TAMS 0x00000000ae900000, 0x00000000ae900000| Complete 
| 234|0x00000000aea00000, 0x00000000aeb00000, 0x00000000aeb00000|100%| E|CS|TAMS 0x00000000aea00000, 0x00000000aea00000| Complete 
| 235|0x00000000aeb00000, 0x00000000aec00000, 0x00000000aec00000|100%| E|CS|TAMS 0x00000000aeb00000, 0x00000000aeb00000| Complete 
| 236|0x00000000aec00000, 0x00000000aed00000, 0x00000000aed00000|100%| E|CS|TAMS 0x00000000aec00000, 0x00000000aec00000| Complete 
| 237|0x00000000aed00000, 0x00000000aee00000, 0x00000000aee00000|100%| E|CS|TAMS 0x00000000aed00000, 0x00000000aed00000| Complete 
| 238|0x00000000aee00000, 0x00000000aef00000, 0x00000000aef00000|100%| E|CS|TAMS 0x00000000aee00000, 0x00000000aee00000| Complete 
| 239|0x00000000aef00000, 0x00000000af000000, 0x00000000af000000|100%| E|CS|TAMS 0x00000000aef00000, 0x00000000aef00000| Complete 
| 240|0x00000000af000000, 0x00000000af100000, 0x00000000af100000|100%| E|CS|TAMS 0x00000000af000000, 0x00000000af000000| Complete 
| 241|0x00000000af100000, 0x00000000af200000, 0x00000000af200000|100%| E|CS|TAMS 0x00000000af100000, 0x00000000af100000| Complete 
| 242|0x00000000af200000, 0x00000000af300000, 0x00000000af300000|100%| E|CS|TAMS 0x00000000af200000, 0x00000000af200000| Complete 
| 243|0x00000000af300000, 0x00000000af400000, 0x00000000af400000|100%| E|CS|TAMS 0x00000000af300000, 0x00000000af300000| Complete 
| 244|0x00000000af400000, 0x00000000af500000, 0x00000000af500000|100%| E|CS|TAMS 0x00000000af400000, 0x00000000af400000| Complete 
| 245|0x00000000af500000, 0x00000000af600000, 0x00000000af600000|100%| E|CS|TAMS 0x00000000af500000, 0x00000000af500000| Complete 
| 246|0x00000000af600000, 0x00000000af700000, 0x00000000af700000|100%| E|CS|TAMS 0x00000000af600000, 0x00000000af600000| Complete 
| 247|0x00000000af700000, 0x00000000af800000, 0x00000000af800000|100%| E|CS|TAMS 0x00000000af700000, 0x00000000af700000| Complete 
| 248|0x00000000af800000, 0x00000000af900000, 0x00000000af900000|100%| E|CS|TAMS 0x00000000af800000, 0x00000000af800000| Complete 
| 249|0x00000000af900000, 0x00000000afa00000, 0x00000000afa00000|100%| E|CS|TAMS 0x00000000af900000, 0x00000000af900000| Complete 
| 250|0x00000000afa00000, 0x00000000afb00000, 0x00000000afb00000|100%| E|CS|TAMS 0x00000000afa00000, 0x00000000afa00000| Complete 
| 251|0x00000000afb00000, 0x00000000afc00000, 0x00000000afc00000|100%| E|CS|TAMS 0x00000000afb00000, 0x00000000afb00000| Complete 
| 252|0x00000000afc00000, 0x00000000afd00000, 0x00000000afd00000|100%| E|CS|TAMS 0x00000000afc00000, 0x00000000afc00000| Complete 
| 253|0x00000000afd00000, 0x00000000afe00000, 0x00000000afe00000|100%| E|CS|TAMS 0x00000000afd00000, 0x00000000afd00000| Complete 
| 254|0x00000000afe00000, 0x00000000aff00000, 0x00000000aff00000|100%| E|CS|TAMS 0x00000000afe00000, 0x00000000afe00000| Complete 
| 255|0x00000000aff00000, 0x00000000b0000000, 0x00000000b0000000|100%| E|CS|TAMS 0x00000000aff00000, 0x00000000aff00000| Complete 

Card table byte_map: [0x00000242b6830000,0x00000242b6b30000] _byte_map_base: 0x00000242b6330000

Marking Bits (Prev, Next): (CMBitMap*) 0x000002429d0168c8, (CMBitMap*) 0x000002429d016900
 Prev Bits: [0x00000242b6e30000, 0x00000242b8630000)
 Next Bits: [0x00000242b8630000, 0x00000242b9e30000)

Polling page: 0x000002429ceb0000

Metaspace:

Usage:
  Non-class:     38.50 MB capacity,    37.76 MB ( 98%) used,   657.30 KB (  2%) free+waste,   103.50 KB ( <1%) overhead. 
      Class:      5.78 MB capacity,     5.39 MB ( 93%) used,   347.48 KB (  6%) free+waste,    49.06 KB ( <1%) overhead. 
       Both:     44.29 MB capacity,    43.15 MB ( 97%) used,  1004.79 KB (  2%) free+waste,   152.56 KB ( <1%) overhead. 

Virtual space:
  Non-class space:       40.00 MB reserved,      38.58 MB ( 96%) committed 
      Class space:        1.00 GB reserved,       5.88 MB ( <1%) committed 
             Both:        1.04 GB reserved,      44.45 MB (  4%) committed 

Chunk freelists:
   Non-Class:  11.00 KB
       Class:  1.00 KB
        Both:  12.00 KB

MaxMetaspaceSize: 17179869184.00 GB
CompressedClassSpaceSize: 1.00 GB
Initial GC threshold: 20.80 MB
Current GC threshold: 58.88 MB
CDS: off

CodeHeap 'non-profiled nmethods': size=120064Kb used=2557Kb max_used=2557Kb free=117506Kb
 bounds [0x00000242ae9c0000, 0x00000242aec40000, 0x00000242b5f00000]
CodeHeap 'profiled nmethods': size=120000Kb used=8556Kb max_used=8556Kb free=111443Kb
 bounds [0x00000242a7490000, 0x00000242a7cf0000, 0x00000242ae9c0000]
CodeHeap 'non-nmethods': size=5696Kb used=2271Kb max_used=2312Kb free=3424Kb
 bounds [0x00000242a6f00000, 0x00000242a7170000, 0x00000242a7490000]
 total_blobs=4713 nmethods=3947 adapters=679
 compilation: enabled
              stopped_count=0, restarted_count=0
 full_count=0

Compilation events (20 events):
Event: 10.487 Thread 0x00000242bcd4f000 3939       3       org.gradle.internal.instantiation.generator.AbstractClassGenerator::isEagerAttachProperty (33 bytes)
Event: 10.488 Thread 0x00000242bcd4f000 nmethod 3939 0x00000242a7ce7290 code [0x00000242a7ce7540, 0x00000242a7ce82b8]
Event: 10.488 Thread 0x00000242bcd4f000 3942       3       org.objectweb.asm.FieldWriter::<init> (69 bytes)
Event: 10.488 Thread 0x00000242bcd4f000 nmethod 3942 0x00000242a7ce8690 code [0x00000242a7ce88a0, 0x00000242a7ce8c68]
Event: 10.488 Thread 0x00000242bcd4f000 3940       3       org.gradle.internal.instantiation.generator.AbstractClassGenerator::access$1900 (5 bytes)
Event: 10.488 Thread 0x00000242bcd4f000 nmethod 3940 0x00000242a7ce8e90 code [0x00000242a7ce9060, 0x00000242a7ce9218]
Event: 10.488 Thread 0x00000242bcd4f000 3941       3       org.gradle.internal.instantiation.generator.AbstractClassGenerator::isIneligibleForConventionMapping (10 bytes)
Event: 10.489 Thread 0x00000242bcd4f000 nmethod 3941 0x00000242a7ce9310 code [0x00000242a7ce9520, 0x00000242a7ce9b68]
Event: 10.495 Thread 0x00000242bcd4d800 3943       4       java.util.zip.CRC32::update (51 bytes)
Event: 10.497 Thread 0x00000242bcd4d800 nmethod 3943 0x00000242aec39e10 code [0x00000242aec39fa0, 0x00000242aec3a138]
Event: 10.497 Thread 0x00000242bcd4d800 3944       4       java.util.zip.CRC32::updateBytesCheck (55 bytes)
Event: 10.498 Thread 0x00000242bcd4d800 nmethod 3944 0x00000242aec3a310 code [0x00000242aec3a4a0, 0x00000242aec3a558]
Event: 10.500 Thread 0x00000242bcd4f000 3945       3       java.util.regex.Matcher::end (67 bytes)
Event: 10.501 Thread 0x00000242bcd4f000 nmethod 3945 0x00000242a7ce9e10 code [0x00000242a7cea0a0, 0x00000242a7ceab08]
Event: 10.501 Thread 0x00000242bcd4d800 3946       4       java.lang.Module::isNamed (13 bytes)
Event: 10.501 Thread 0x00000242bcd4f000 3947       3       java.lang.ModuleLayer::boot (4 bytes)
Event: 10.502 Thread 0x00000242bcd4f000 nmethod 3947 0x00000242a7ceaf10 code [0x00000242a7ceb0c0, 0x00000242a7ceb1b8]
Event: 10.502 Thread 0x00000242bcd4d800 nmethod 3946 0x00000242aec3a690 code [0x00000242aec3a820, 0x00000242aec3a898]
Event: 10.503 Thread 0x00000242bcd4f000 3948       1       java.lang.StackTraceElement::getClassName (5 bytes)
Event: 10.503 Thread 0x00000242bcd4f000 nmethod 3948 0x00000242aec3a990 code [0x00000242aec3ab40, 0x00000242aec3abf8]

GC Heap History (14 events):
Event: 0.886 GC heap before
{Heap before GC invocations=0 (full 0):
 garbage-first heap   total 262144K, used 16384K [0x00000000a0000000, 0x0000000100000000)
  region size 1024K, 14 young (14336K), 0 survivors (0K)
 Metaspace       used 6783K, capacity 6989K, committed 7168K, reserved 1056768K
  class space    used 571K, capacity 650K, committed 768K, reserved 1048576K
}
Event: 0.895 GC heap after
{Heap after GC invocations=1 (full 0):
 garbage-first heap   total 262144K, used 4448K [0x00000000a0000000, 0x0000000100000000)
  region size 1024K, 2 young (2048K), 2 survivors (2048K)
 Metaspace       used 6783K, capacity 6989K, committed 7168K, reserved 1056768K
  class space    used 571K, capacity 650K, committed 768K, reserved 1048576K
}
Event: 1.400 GC heap before
{Heap before GC invocations=1 (full 0):
 garbage-first heap   total 262144K, used 19808K [0x00000000a0000000, 0x0000000100000000)
  region size 1024K, 14 young (14336K), 2 survivors (2048K)
 Metaspace       used 10263K, capacity 10492K, committed 10624K, reserved 1058816K
  class space    used 1046K, capacity 1140K, committed 1152K, reserved 1048576K
}
Event: 1.403 GC heap after
{Heap after GC invocations=2 (full 0):
 garbage-first heap   total 262144K, used 9403K [0x00000000a0000000, 0x0000000100000000)
  region size 1024K, 2 young (2048K), 2 survivors (2048K)
 Metaspace       used 10263K, capacity 10492K, committed 10624K, reserved 1058816K
  class space    used 1046K, capacity 1140K, committed 1152K, reserved 1048576K
}
Event: 2.644 GC heap before
{Heap before GC invocations=2 (full 0):
 garbage-first heap   total 262144K, used 44219K [0x00000000a0000000, 0x0000000100000000)
  region size 1024K, 35 young (35840K), 2 survivors (2048K)
 Metaspace       used 11362K, capacity 11631K, committed 11904K, reserved 1060864K
  class space    used 1164K, capacity 1285K, committed 1408K, reserved 1048576K
}
Event: 2.648 GC heap after
{Heap after GC invocations=3 (full 0):
 garbage-first heap   total 262144K, used 14336K [0x00000000a0000000, 0x0000000100000000)
  region size 1024K, 5 young (5120K), 5 survivors (5120K)
 Metaspace       used 11362K, capacity 11631K, committed 11904K, reserved 1060864K
  class space    used 1164K, capacity 1285K, committed 1408K, reserved 1048576K
}
Event: 4.323 GC heap before
{Heap before GC invocations=3 (full 0):
 garbage-first heap   total 262144K, used 60416K [0x00000000a0000000, 0x0000000100000000)
  region size 1024K, 50 young (51200K), 5 survivors (5120K)
 Metaspace       used 19329K, capacity 19721K, committed 19968K, reserved 1067008K
  class space    used 2312K, capacity 2473K, committed 2560K, reserved 1048576K
}
Event: 4.330 GC heap after
{Heap after GC invocations=4 (full 0):
 garbage-first heap   total 262144K, used 16646K [0x00000000a0000000, 0x0000000100000000)
  region size 1024K, 6 young (6144K), 6 survivors (6144K)
 Metaspace       used 19329K, capacity 19721K, committed 19968K, reserved 1067008K
  class space    used 2312K, capacity 2473K, committed 2560K, reserved 1048576K
}
Event: 4.541 GC heap before
{Heap before GC invocations=4 (full 0):
 garbage-first heap   total 262144K, used 24838K [0x00000000a0000000, 0x0000000100000000)
  region size 1024K, 15 young (15360K), 6 survivors (6144K)
 Metaspace       used 20664K, capacity 21161K, committed 21296K, reserved 1069056K
  class space    used 2480K, capacity 2659K, committed 2688K, reserved 1048576K
}
Event: 4.548 GC heap after
{Heap after GC invocations=5 (full 0):
 garbage-first heap   total 262144K, used 17296K [0x00000000a0000000, 0x0000000100000000)
  region size 1024K, 4 young (4096K), 4 survivors (4096K)
 Metaspace       used 20664K, capacity 21161K, committed 21296K, reserved 1069056K
  class space    used 2480K, capacity 2659K, committed 2688K, reserved 1048576K
}
Event: 5.838 GC heap before
{Heap before GC invocations=6 (full 0):
 garbage-first heap   total 262144K, used 75664K [0x00000000a0000000, 0x0000000100000000)
  region size 1024K, 61 young (62464K), 4 survivors (4096K)
 Metaspace       used 26698K, capacity 27311K, committed 27440K, reserved 1073152K
  class space    used 3424K, capacity 3673K, committed 3712K, reserved 1048576K
}
Event: 5.845 GC heap after
{Heap after GC invocations=7 (full 0):
 garbage-first heap   total 262144K, used 19315K [0x00000000a0000000, 0x0000000100000000)
  region size 1024K, 6 young (6144K), 6 survivors (6144K)
 Metaspace       used 26698K, capacity 27311K, committed 27440K, reserved 1073152K
  class space    used 3424K, capacity 3673K, committed 3712K, reserved 1048576K
}
Event: 7.291 GC heap before
{Heap before GC invocations=7 (full 0):
 garbage-first heap   total 262144K, used 74611K [0x00000000a0000000, 0x0000000100000000)
  region size 1024K, 61 young (62464K), 6 survivors (6144K)
 Metaspace       used 35023K, capacity 35773K, committed 35920K, reserved 1081344K
  class space    used 4455K, capacity 4773K, committed 4864K, reserved 1048576K
}
Event: 7.304 GC heap after
{Heap after GC invocations=8 (full 0):
 garbage-first heap   total 262144K, used 22759K [0x00000000a0000000, 0x0000000100000000)
  region size 1024K, 9 young (9216K), 9 survivors (9216K)
 Metaspace       used 35023K, capacity 35773K, committed 35920K, reserved 1081344K
  class space    used 4455K, capacity 4773K, committed 4864K, reserved 1048576K
}

Deoptimization events (20 events):
Event: 9.805 Thread 0x00000242be71d800 DEOPT PACKING pc=0x00000242ae9fff14 sp=0x000000b6544f8760
Event: 9.805 Thread 0x00000242be71d800 DEOPT UNPACKING pc=0x00000242a6f4a1a9 sp=0x000000b6544f86a0 mode 2
Event: 9.805 Thread 0x00000242be71d800 Uncommon trap: trap_request=0xffffff4d fr.pc=0x00000242aeb59c48 relative=0x00000000000006c8
Event: 9.805 Thread 0x00000242be71d800 Uncommon trap: reason=unstable_if action=reinterpret pc=0x00000242aeb59c48 method=java.util.HashMap.putVal(ILjava/lang/Object;Ljava/lang/Object;ZZ)Ljava/lang/Object; @ 85 c2
Event: 9.805 Thread 0x00000242be71d800 DEOPT PACKING pc=0x00000242aeb59c48 sp=0x000000b6544f8690
Event: 9.805 Thread 0x00000242be71d800 DEOPT UNPACKING pc=0x00000242a6f4a1a9 sp=0x000000b6544f8648 mode 2
Event: 9.810 Thread 0x00000242be71d800 Uncommon trap: trap_request=0xffffff4d fr.pc=0x00000242aeb147e8 relative=0x0000000000000308
Event: 9.810 Thread 0x00000242be71d800 Uncommon trap: reason=unstable_if action=reinterpret pc=0x00000242aeb147e8 method=org.gradle.internal.reflect.PropertyAccessorType.isGetGetterName(Ljava/lang/String;)Z @ 14 c2
Event: 9.810 Thread 0x00000242be71d800 DEOPT PACKING pc=0x00000242aeb147e8 sp=0x000000b6544f9290
Event: 9.810 Thread 0x00000242be71d800 DEOPT UNPACKING pc=0x00000242a6f4a1a9 sp=0x000000b6544f91e8 mode 2
Event: 9.868 Thread 0x00000242be71d800 Uncommon trap: trap_request=0xffffff4d fr.pc=0x00000242aeb0fc88 relative=0x00000000000000e8
Event: 9.868 Thread 0x00000242be71d800 Uncommon trap: reason=unstable_if action=reinterpret pc=0x00000242aeb0fc88 method=org.objectweb.asm.ByteVector.putShort(I)Lorg/objectweb/asm/ByteVector; @ 13 c2
Event: 9.868 Thread 0x00000242be71d800 DEOPT PACKING pc=0x00000242aeb0fc88 sp=0x000000b6544f8d20
Event: 9.868 Thread 0x00000242be71d800 DEOPT UNPACKING pc=0x00000242a6f4a1a9 sp=0x000000b6544f8cb8 mode 2
Event: 10.128 Thread 0x00000242be5e4800 Uncommon trap: trap_request=0xffffffbe fr.pc=0x00000242aeb64a78 relative=0x00000000000004f8
Event: 10.128 Thread 0x00000242be5e4800 Uncommon trap: reason=profile_predicate action=maybe_recompile pc=0x00000242aeb64a78 method=java.util.stream.ReferencePipeline.forEachWithCancel(Ljava/util/Spliterator;Ljava/util/stream/Sink;)Z @ 8 c2
Event: 10.128 Thread 0x00000242be5e4800 DEOPT PACKING pc=0x00000242aeb64a78 sp=0x000000b653ffea50
Event: 10.128 Thread 0x00000242be5e4800 DEOPT UNPACKING pc=0x00000242a6f4a1a9 sp=0x000000b653ffe9f0 mode 2
Event: 10.217 Thread 0x00000242be71d800 DEOPT PACKING pc=0x00000242a7b25074 sp=0x000000b6544f7b50
Event: 10.217 Thread 0x00000242be71d800 DEOPT UNPACKING pc=0x00000242a6f4a93f sp=0x000000b6544f70f0 mode 0

Classes redefined (0 events):
No events

Internal exceptions (20 events):
Event: 10.238 Thread 0x00000242be71d800 Exception <a 'java/lang/ClassNotFoundException'{0x00000000a93d75e8}: org/gradle/internal/metaobject/ConfigureDelegateBeanInfo> (0x00000000a93d75e8) thrown at [./src/hotspot/share/classfile/systemDictionary.cpp, line 230]
Event: 10.240 Thread 0x00000242be71d800 Exception <a 'java/lang/ClassNotFoundException'{0x00000000a93ffcb8}: org/gradle/internal/metaobject/ConfigureDelegateCustomizer> (0x00000000a93ffcb8) thrown at [./src/hotspot/share/classfile/systemDictionary.cpp, line 230]
Event: 10.246 Thread 0x00000242be71d800 Exception <a 'java/lang/ClassNotFoundException'{0x00000000a925e240}: org/gradle/api/internal/initialization/DefaultScriptHandlerBeanInfo> (0x00000000a925e240) thrown at [./src/hotspot/share/classfile/systemDictionary.cpp, line 230]
Event: 10.247 Thread 0x00000242be71d800 Exception <a 'java/lang/ClassNotFoundException'{0x00000000a928baf8}: org/gradle/api/internal/initialization/DefaultScriptHandlerCustomizer> (0x00000000a928baf8) thrown at [./src/hotspot/share/classfile/systemDictionary.cpp, line 230]
Event: 10.267 Thread 0x00000242be71d800 Exception <a 'java/lang/ClassNotFoundException'{0x00000000a91b18b8}: org/gradle/api/internal/project/DefaultProject_DecoratedBeanInfo> (0x00000000a91b18b8) thrown at [./src/hotspot/share/classfile/systemDictionary.cpp, line 230]
Event: 10.271 Thread 0x00000242be71d800 Exception <a 'java/lang/ClassNotFoundException'{0x00000000a91dad80}: org/gradle/api/internal/project/DefaultProjectBeanInfo> (0x00000000a91dad80) thrown at [./src/hotspot/share/classfile/systemDictionary.cpp, line 230]
Event: 10.273 Thread 0x00000242be71d800 Exception <a 'java/lang/ClassNotFoundException'{0x00000000a90048b8}: org/gradle/api/internal/project/DefaultProjectCustomizer> (0x00000000a90048b8) thrown at [./src/hotspot/share/classfile/systemDictionary.cpp, line 230]
Event: 10.292 Thread 0x00000242be71d800 Exception <a 'java/lang/ClassNotFoundException'{0x00000000a90c3e90}: org/gradle/api/internal/project/DefaultProject_DecoratedCustomizer> (0x00000000a90c3e90) thrown at [./src/hotspot/share/classfile/systemDictionary.cpp, line 230]
Event: 10.373 Thread 0x00000242be71d800 Exception <a 'java/lang/ClassNotFoundException'{0x00000000a8bb3840}: org/gradle/api/internal/artifacts/dsl/DefaultRepositoryHandler_DecoratedBeanInfo> (0x00000000a8bb3840) thrown at [./src/hotspot/share/classfile/systemDictionary.cpp, line 230]
Event: 10.375 Thread 0x00000242be71d800 Exception <a 'java/lang/ClassNotFoundException'{0x00000000a8bf1d78}: org/gradle/api/internal/artifacts/dsl/DefaultRepositoryHandlerBeanInfo> (0x00000000a8bf1d78) thrown at [./src/hotspot/share/classfile/systemDictionary.cpp, line 230]
Event: 10.376 Thread 0x00000242be71d800 Exception <a 'java/lang/ClassNotFoundException'{0x00000000a8a32fb8}: org/gradle/api/internal/artifacts/DefaultArtifactRepositoryContainerBeanInfo> (0x00000000a8a32fb8) thrown at [./src/hotspot/share/classfile/systemDictionary.cpp, line 230]
Event: 10.379 Thread 0x00000242be71d800 Exception <a 'java/lang/ClassNotFoundException'{0x00000000a8a60720}: org/gradle/api/internal/DefaultNamedDomainObjectListBeanInfo> (0x00000000a8a60720) thrown at [./src/hotspot/share/classfile/systemDictionary.cpp, line 230]
Event: 10.381 Thread 0x00000242be71d800 Exception <a 'java/lang/ClassNotFoundException'{0x00000000a8a8fad8}: org/gradle/api/internal/DefaultNamedDomainObjectCollectionBeanInfo> (0x00000000a8a8fad8) thrown at [./src/hotspot/share/classfile/systemDictionary.cpp, line 230]
Event: 10.384 Thread 0x00000242be71d800 Exception <a 'java/lang/ClassNotFoundException'{0x00000000a8abe360}: org/gradle/api/internal/DefaultDomainObjectCollectionBeanInfo> (0x00000000a8abe360) thrown at [./src/hotspot/share/classfile/systemDictionary.cpp, line 230]
Event: 10.386 Thread 0x00000242be71d800 Exception <a 'java/lang/ClassNotFoundException'{0x00000000a8aec9a8}: org/gradle/api/internal/DefaultDomainObjectCollectionCustomizer> (0x00000000a8aec9a8) thrown at [./src/hotspot/share/classfile/systemDictionary.cpp, line 230]
Event: 10.390 Thread 0x00000242be71d800 Exception <a 'java/lang/ClassNotFoundException'{0x00000000a8939080}: org/gradle/api/internal/DefaultNamedDomainObjectCollectionCustomizer> (0x00000000a8939080) thrown at [./src/hotspot/share/classfile/systemDictionary.cpp, line 230]
Event: 10.395 Thread 0x00000242be71d800 Exception <a 'java/lang/ClassNotFoundException'{0x00000000a8998b38}: org/gradle/api/internal/DefaultNamedDomainObjectListCustomizer> (0x00000000a8998b38) thrown at [./src/hotspot/share/classfile/systemDictionary.cpp, line 230]
Event: 10.398 Thread 0x00000242be71d800 Exception <a 'java/lang/ClassNotFoundException'{0x00000000a89f2d78}: org/gradle/api/internal/artifacts/DefaultArtifactRepositoryContainerCustomizer> (0x00000000a89f2d78) thrown at [./src/hotspot/share/classfile/systemDictionary.cpp, line 230]
Event: 10.401 Thread 0x00000242be71d800 Exception <a 'java/lang/ClassNotFoundException'{0x00000000a8842db8}: org/gradle/api/internal/artifacts/dsl/DefaultRepositoryHandlerCustomizer> (0x00000000a8842db8) thrown at [./src/hotspot/share/classfile/systemDictionary.cpp, line 230]
Event: 10.404 Thread 0x00000242be71d800 Exception <a 'java/lang/ClassNotFoundException'{0x00000000a88a5ec0}: org/gradle/api/internal/artifacts/dsl/DefaultRepositoryHandler_DecoratedCustomizer> (0x00000000a88a5ec0) thrown at [./src/hotspot/share/classfile/systemDictionary.cpp, line 230]

Events (20 events):
Event: 10.499 loading class org/gradle/internal/deprecation/DeprecationMessageBuilder$WithDocumentation
Event: 10.499 loading class org/gradle/internal/deprecation/DeprecationMessageBuilder$WithDocumentation done
Event: 10.499 loading class org/gradle/internal/deprecation/DeprecationMessage
Event: 10.499 loading class org/gradle/internal/deprecation/DeprecationMessage done
Event: 10.501 loading class java/lang/StackTraceElement$HashedModules
Event: 10.501 loading class java/lang/StackTraceElement$HashedModules done
Event: 10.503 loading class org/gradle/internal/featurelifecycle/DefaultDeprecatedUsageProgressDetails
Event: 10.503 loading class org/gradle/internal/featurelifecycle/DefaultDeprecatedUsageProgressDetails done
Event: 10.503 loading class org/gradle/internal/featurelifecycle/DeprecatedUsageProgressDetails
Event: 10.503 loading class org/gradle/internal/featurelifecycle/DeprecatedUsageProgressDetails done
Event: 10.504 loading class groovy/runtime/metaclass/build_8rkdg26e28uib0bc35viggvvv$_run_closure1$_closure3MetaClass
Event: 10.504 loading class groovy/runtime/metaclass/build_8rkdg26e28uib0bc35viggvvv$_run_closure1$_closure3MetaClass done
Event: 10.505 loading class org/gradle/api/internal/notations/ProjectDependencyFactory
Event: 10.505 loading class org/gradle/api/internal/notations/ProjectDependencyFactory done
Event: 10.506 loading class org/gradle/api/internal/artifacts/DefaultDependencyFactory
Event: 10.506 loading class org/gradle/api/internal/artifacts/DefaultDependencyFactory done
Event: 10.507 loading class org/gradle/api/internal/notations/DependencyNotationParser
Event: 10.507 loading class org/gradle/api/internal/notations/DependencyNotationParser done
Event: 10.508 loading class org/gradle/api/internal/artifacts/dependencies/DefaultExternalModuleDependency
Event: 10.508 loading class org/gradle/api/internal/artifacts/dependencies/DefaultExternalModuleDependency done


Dynamic libraries:
0x00007ff7a0b70000 - 0x00007ff7a0b7d000 	C:\Program Files\Microsoft\jdk-11.0.16.101-hotspot\bin\java.exe
0x00007fff26b30000 - 0x00007fff26d28000 	C:\WINDOWS\SYSTEM32\ntdll.dll
0x00007fff25e70000 - 0x00007fff25f2f000 	C:\WINDOWS\System32\KERNEL32.DLL
0x00007fff24430000 - 0x00007fff24726000 	C:\WINDOWS\System32\KERNELBASE.dll
0x00007fff24330000 - 0x00007fff24430000 	C:\WINDOWS\System32\ucrtbase.dll
0x00007fff18c00000 - 0x00007fff18c17000 	C:\Program Files\Microsoft\jdk-11.0.16.101-hotspot\bin\jli.dll
0x00007fff13d80000 - 0x00007fff13d95000 	C:\Program Files\Microsoft\jdk-11.0.16.101-hotspot\bin\VCRUNTIME140.dll
0x00007fff24bb0000 - 0x00007fff24d4d000 	C:\WINDOWS\System32\USER32.dll
0x00007fff24730000 - 0x00007fff24752000 	C:\WINDOWS\System32\win32u.dll
0x00007fff266c0000 - 0x00007fff266ec000 	C:\WINDOWS\System32\GDI32.dll
0x00007fff24210000 - 0x00007fff24325000 	C:\WINDOWS\System32\gdi32full.dll
0x00007fff24850000 - 0x00007fff248ed000 	C:\WINDOWS\System32\msvcp_win.dll
0x00007fff235c0000 - 0x00007fff2385a000 	C:\WINDOWS\WinSxS\amd64_microsoft.windows.common-controls_6595b64144ccf1df_6.0.19041.1110_none_60b5254171f9507e\COMCTL32.dll
0x00007fff25ca0000 - 0x00007fff25d3e000 	C:\WINDOWS\System32\msvcrt.dll
0x00007fff25bc0000 - 0x00007fff25bf0000 	C:\WINDOWS\System32\IMM32.DLL
0x00007fff0ed00000 - 0x00007fff0ed9b000 	C:\Program Files\Microsoft\jdk-11.0.16.101-hotspot\bin\msvcp140.dll
0x00007ffec91a0000 - 0x00007ffec9d2a000 	C:\Program Files\Microsoft\jdk-11.0.16.101-hotspot\bin\server\jvm.dll
0x00007fff25bf0000 - 0x00007fff25c9f000 	C:\WINDOWS\System32\ADVAPI32.dll
0x00007fff26440000 - 0x00007fff264dc000 	C:\WINDOWS\System32\sechost.dll
0x00007fff25a90000 - 0x00007fff25bb6000 	C:\WINDOWS\System32\RPCRT4.dll
0x00007fff25220000 - 0x00007fff25228000 	C:\WINDOWS\System32\PSAPI.DLL
0x00007fff132a0000 - 0x00007fff132a9000 	C:\WINDOWS\SYSTEM32\WSOCK32.dll
0x00007fff1b750000 - 0x00007fff1b777000 	C:\WINDOWS\SYSTEM32\WINMM.dll
0x00007fff26a80000 - 0x00007fff26aeb000 	C:\WINDOWS\System32\WS2_32.dll
0x00007fff1d080000 - 0x00007fff1d08a000 	C:\WINDOWS\SYSTEM32\VERSION.dll
0x00007fff21270000 - 0x00007fff21282000 	C:\WINDOWS\SYSTEM32\kernel.appcore.dll
0x00007fff13e70000 - 0x00007fff13e80000 	C:\Program Files\Microsoft\jdk-11.0.16.101-hotspot\bin\verify.dll
0x00007fff23b20000 - 0x00007fff23d04000 	C:\WINDOWS\SYSTEM32\DBGHELP.DLL
0x00007fff23ae0000 - 0x00007fff23b14000 	C:\WINDOWS\SYSTEM32\dbgcore.DLL
0x00007fff249a0000 - 0x00007fff24a22000 	C:\WINDOWS\System32\bcryptPrimitives.dll
0x00007fff0ec00000 - 0x00007fff0ec28000 	C:\Program Files\Microsoft\jdk-11.0.16.101-hotspot\bin\java.dll
0x00007fff13d70000 - 0x00007fff13d7a000 	C:\Program Files\Microsoft\jdk-11.0.16.101-hotspot\bin\jimage.dll
0x00007fff0ece0000 - 0x00007fff0ecf8000 	C:\Program Files\Microsoft\jdk-11.0.16.101-hotspot\bin\zip.dll
0x00007fff25340000 - 0x00007fff25a84000 	C:\WINDOWS\System32\SHELL32.dll
0x00007fff21470000 - 0x00007fff21c03000 	C:\WINDOWS\SYSTEM32\windows.storage.dll
0x00007fff26000000 - 0x00007fff26354000 	C:\WINDOWS\System32\combase.dll
0x00007fff232f0000 - 0x00007fff2331e000 	C:\WINDOWS\SYSTEM32\Wldp.dll
0x00007fff264e0000 - 0x00007fff2658d000 	C:\WINDOWS\System32\SHCORE.dll
0x00007fff26360000 - 0x00007fff263b5000 	C:\WINDOWS\System32\shlwapi.dll
0x00007fff24140000 - 0x00007fff24165000 	C:\WINDOWS\SYSTEM32\profapi.dll
0x00007fff0ebe0000 - 0x00007fff0ebf9000 	C:\Program Files\Microsoft\jdk-11.0.16.101-hotspot\bin\net.dll
0x00007fff1b070000 - 0x00007fff1b17a000 	C:\WINDOWS\SYSTEM32\WINHTTP.dll
0x00007fff23380000 - 0x00007fff233ea000 	C:\WINDOWS\system32\mswsock.dll
0x00007fff0bed0000 - 0x00007fff0bee3000 	C:\Program Files\Microsoft\jdk-11.0.16.101-hotspot\bin\nio.dll
0x00007fff0bea0000 - 0x00007fff0bec7000 	C:\Users\admin\.gradle\native\e1d6ef7f7dcc3fd88c89a11ec53ec762bb8ba0a96d01ffa2cd45eb1d1d8dd5c5\windows-amd64\native-platform.dll
0x00007ffed8390000 - 0x00007ffed84d4000 	C:\Users\admin\.gradle\native\0d407fdbe67a94daf76414ababcb853783967236a71b16ec16e742cd7a986fd3\windows-amd64\native-platform-file-events.dll
0x00007fff12ea0000 - 0x00007fff12ea9000 	C:\Program Files\Microsoft\jdk-11.0.16.101-hotspot\bin\management.dll
0x00007fff129d0000 - 0x00007fff129db000 	C:\Program Files\Microsoft\jdk-11.0.16.101-hotspot\bin\management_ext.dll
0x00007fff23eb0000 - 0x00007fff23ec8000 	C:\WINDOWS\SYSTEM32\CRYPTSP.dll
0x00007fff22b80000 - 0x00007fff22bb4000 	C:\WINDOWS\system32\rsaenh.dll
0x00007fff24760000 - 0x00007fff24787000 	C:\WINDOWS\System32\bcrypt.dll
0x00007fff240c0000 - 0x00007fff240ee000 	C:\WINDOWS\SYSTEM32\USERENV.dll
0x00007fff23420000 - 0x00007fff2342c000 	C:\WINDOWS\SYSTEM32\CRYPTBASE.dll
0x00007fff22f00000 - 0x00007fff22f3b000 	C:\WINDOWS\SYSTEM32\IPHLPAPI.DLL
0x00007fff26590000 - 0x00007fff26598000 	C:\WINDOWS\System32\NSI.dll
0x00007fff1bd10000 - 0x00007fff1bd27000 	C:\WINDOWS\SYSTEM32\dhcpcsvc6.DLL
0x00007fff1bc50000 - 0x00007fff1bc6d000 	C:\WINDOWS\SYSTEM32\dhcpcsvc.DLL
0x00007fff22f40000 - 0x00007fff2300a000 	C:\WINDOWS\SYSTEM32\DNSAPI.dll

dbghelp: loaded successfully - version: 4.0.5 - missing functions: none
symbol engine: initialized successfully - sym options: 0x614 - pdb path: .;C:\Program Files\Microsoft\jdk-11.0.16.101-hotspot\bin;C:\WINDOWS\SYSTEM32;C:\WINDOWS\WinSxS\amd64_microsoft.windows.common-controls_6595b64144ccf1df_6.0.19041.1110_none_60b5254171f9507e;C:\Program Files\Microsoft\jdk-11.0.16.101-hotspot\bin\server;C:\Users\admin\.gradle\native\e1d6ef7f7dcc3fd88c89a11ec53ec762bb8ba0a96d01ffa2cd45eb1d1d8dd5c5\windows-amd64;C:\Users\admin\.gradle\native\0d407fdbe67a94daf76414ababcb853783967236a71b16ec16e742cd7a986fd3\windows-amd64

VM Arguments:
jvm_args: --add-opens=java.base/java.util=ALL-UNNAMED --add-opens=java.base/java.lang=ALL-UNNAMED --add-opens=java.base/java.lang.invoke=ALL-UNNAMED --add-opens=java.base/java.util=ALL-UNNAMED --add-opens=java.prefs/java.util.prefs=ALL-UNNAMED --add-opens=java.prefs/java.util.prefs=ALL-UNNAMED --add-opens=java.base/java.nio.charset=ALL-UNNAMED --add-opens=java.base/java.net=ALL-UNNAMED --add-opens=java.base/java.util.concurrent.atomic=ALL-UNNAMED -Xmx1536M -Dfile.encoding=windows-1252 -Duser.country=IN -Duser.language=en -Duser.variant 
java_command: org.gradle.launcher.daemon.bootstrap.GradleDaemon 7.4
java_class_path (initial): C:\Users\admin\.gradle\wrapper\dists\gradle-7.4-all\aadb4xli5jkdsnukm30eibyiu\gradle-7.4\lib\gradle-launcher-7.4.jar
Launcher Type: SUN_STANDARD

[Global flags]
     intx CICompilerCount                          = 3                                         {product} {ergonomic}
     uint ConcGCThreads                            = 1                                         {product} {ergonomic}
     uint G1ConcRefinementThreads                  = 4                                         {product} {ergonomic}
   size_t G1HeapRegionSize                         = 1048576                                   {product} {ergonomic}
    uintx GCDrainStackTargetSize                   = 64                                        {product} {ergonomic}
   size_t InitialHeapSize                          = 268435456                                 {product} {ergonomic}
   size_t MarkStackSize                            = 4194304                                   {product} {ergonomic}
   size_t MaxHeapSize                              = 1610612736                                {product} {command line}
   size_t MaxNewSize                               = 965738496                                 {product} {ergonomic}
   size_t MinHeapDeltaBytes                        = 1048576                                   {product} {ergonomic}
    uintx NonNMethodCodeHeapSize                   = 5830732                                {pd product} {ergonomic}
    uintx NonProfiledCodeHeapSize                  = 122913754                              {pd product} {ergonomic}
    uintx ProfiledCodeHeapSize                     = 122913754                              {pd product} {ergonomic}
    uintx ReservedCodeCacheSize                    = 251658240                              {pd product} {ergonomic}
     bool SegmentedCodeCache                       = true                                      {product} {ergonomic}
     bool UseCompressedClassPointers               = true                                 {lp64_product} {ergonomic}
     bool UseCompressedOops                        = true                                 {lp64_product} {ergonomic}
     bool UseG1GC                                  = true                                      {product} {ergonomic}
     bool UseLargePagesIndividualAllocation        = false                                  {pd product} {ergonomic}

Logging:
Log output configuration:
 #0: stdout all=warning uptime,level,tags
 #1: stderr all=off uptime,level,tags

Environment Variables:
CLASSPATH=D:\Flutter_Projects\source_code\android\\gradle\wrapper\gradle-wrapper.jar
PATH=C:\Python311\Scripts\;C:\Python311\;C:\Program Files\Microsoft\jdk-11.0.16.101-hotspot\bin;C:\WINDOWS\system32;C:\WINDOWS;C:\WINDOWS\System32\Wbem;C:\WINDOWS\System32\WindowsPowerShell\v1.0\;C:\WINDOWS\System32\OpenSSH\;C:\Program Files\Microsoft SQL Server\150\Tools\Binn\;C:\ProgramData\chocolatey\bin;C:\Program Files\Microsoft SQL Server\Client SDK\ODBC\170\Tools\Binn\;C:\Program Files\dotnet\;C:\.sdk\platform-tool\;C:\Program Files\Git\cmd;C:\Program Files (x86)\ATI Technologies\ATI.ACE\Core-Static;C:\Program Files (x86)\nodejs\;C:\Users\admin\AppData\Local\Microsoft\WindowsApps;C:\src\flutter\bin;C:\Users\admin\AppData\Local\Programs\Microsoft VS Code\bin;C:\Users\admin\.dotnet\tools;C:\tools\dart-sdk\bin;C:\Users\admin\AppData\Roaming\Pub\Cache\bin;C:\tools\dart-sdk;C:\Users\admin\AppData\Roaming\npm;C:\src\flutter\bin\mingit\cmd
USERNAME=admin
OS=Windows_NT
PROCESSOR_IDENTIFIER=Intel64 Family 6 Model 44 Stepping 2, GenuineIntel
TMP=C:\Users\admin\AppData\Local\Temp
TEMP=C:\Users\admin\AppData\Local\Temp



---------------  S Y S T E M  ---------------

OS: Windows 10 , 64 bit Build 19041 (10.0.19041.3155)
OS uptime: 3 days 0:13 hours
Hyper-V role detected

CPU:total 4 (initial active 4) (4 cores per cpu, 2 threads per core) family 6 model 44 stepping 2 microcode 0x1f, cmov, cx8, fxsr, mmx, sse, sse2, sse3, ssse3, sse4.1, sse4.2, popcnt, aes, clmul, ht, tsc, tscinvbit, tscinv

Memory: 4k page, system-wide physical 16381M (6743M free)
TotalPageFile size 23805M (AvailPageFile size 10928M)
current process WorkingSet (physical memory assigned to process): 280M, peak: 291M
current process commit charge ("private bytes"): 433M, peak: 465M

vm_info: OpenJDK 64-Bit Server VM (11.0.16.1+1-LTS) for windows-amd64 JRE (11.0.16.1+1-LTS), built on Aug 20 2022 20:09:04 by "" with MS VC++ 15.9 (VS2017)

END.
